#
# There is insufficient memory for the Java Runtime Environment to continue.
# Native memory allocation (mmap) failed to map 65536 bytes for Failed to commit metaspace.
# Possible reasons:
#   The system is out of physical RAM or swap space
#   The process is running with CompressedOops enabled, and the Java Heap may be blocking the growth of the native heap
# Possible solutions:
#   Reduce memory load on the system
#   Increase physical memory or swap space
#   Check if swap backing store is full
#   Decrease Java heap size (-Xmx/-Xms)
#   Decrease number of Java threads
#   Decrease Java thread stack sizes (-Xss)
#   Set larger code cache with -XX:ReservedCodeCacheSize=
#   JVM is running with Unscaled Compressed Oops mode in which the Java heap is
#     placed in the first 4GB address space. The Java Heap base address is the
#     maximum limit for the native heap growth. Please use -XX:HeapBaseMinAddress
#     to set the Java Heap base and to place the Java Heap above 4GB virtual address.
# This output file may be truncated or incomplete.
#
#  Out of Memory Error (virtualSpaceNode.cpp:110), pid=13048, tid=9540
#
# JRE version: OpenJDK Runtime Environment GraalVM CE 17.0.9+9.1 (17.0.9+9) (build 17.0.9+9-jvmci-23.0-b22)
# Java VM: OpenJDK 64-Bit Server VM GraalVM CE 17.0.9+9.1 (17.0.9+9-jvmci-23.0-b22, mixed mode, emulated-client, sharing, tiered, jvmci, jvmci compiler, compressed oops, compressed class ptrs, g1 gc, windows-amd64)
# No core dump will be written. Minidumps are not enabled by default on client versions of Windows
#

---------------  S U M M A R Y ------------

Command Line: -XX:ThreadPriorityPolicy=1 -XX:+UnlockExperimentalVMOptions -XX:+EnableJVMCIProduct -XX:-UnlockExperimentalVMOptions -XX:TieredStopAtLevel=1 -Dspring.output.ansi.enabled=always -Dcom.sun.management.jmxremote -Dspring.jmx.enabled=true -Dspring.liveBeansView.mbeanDomain -Dspring.application.admin.enabled=true -Dmanagement.endpoints.jmx.exposure.include=* -javaagent:C:\Program Files\JetBrains\IntelliJ IDEA 2023.1.1\lib\idea_rt.jar=56306:C:\Program Files\JetBrains\IntelliJ IDEA 2023.1.1\bin -Dfile.encoding=UTF-8 com.hedspi.nihongobe.NihongoBeApplication

Host: Intel(R) Core(TM) i5-1035G1 CPU @ 1.00GHz, 8 cores, 7G,  Windows 10 , 64 bit Build 19041 (10.0.19041.3636)
Time: Mon Mar 25 11:22:36 2024 SE Asia Standard Time elapsed time: 95.974714 seconds (0d 0h 1m 35s)

---------------  T H R E A D  ---------------

Current thread (0x0000024b76902430):  JavaThread "http-nio-8082-exec-1" daemon [_thread_in_vm, id=9540, stack(0x000000b91c200000,0x000000b91c300000)]

Stack: [0x000000b91c200000,0x000000b91c300000]
Native frames: (J=compiled Java code, j=interpreted, Vv=VM code, C=native code)
V  [jvm.dll+0x66c779]
V  [jvm.dll+0x7cdc78]
V  [jvm.dll+0x7cf73e]
V  [jvm.dll+0x7cfdf3]
V  [jvm.dll+0x245cef]
V  [jvm.dll+0x7c9a4b]
V  [jvm.dll+0x6122b6]
V  [jvm.dll+0x1c00d7]
V  [jvm.dll+0x614c70]
V  [jvm.dll+0x612cb6]
V  [jvm.dll+0x23a2bf]
V  [jvm.dll+0x61cb55]
V  [jvm.dll+0x1e9a4d]
V  [jvm.dll+0x1ea015]
V  [jvm.dll+0x1ea9eb]
V  [jvm.dll+0x1e0121]
V  [jvm.dll+0x53404b]
V  [jvm.dll+0x748b08]
V  [jvm.dll+0x748bf4]
V  [jvm.dll+0x40cdaf]
V  [jvm.dll+0x412d99]
C  [java.dll+0x17ec]

Java frames: (J=compiled Java code, j=interpreted, Vv=VM code)
J 1150  java.lang.ClassLoader.defineClass1(Ljava/lang/ClassLoader;Ljava/lang/String;[BIILjava/security/ProtectionDomain;Ljava/lang/String;)Ljava/lang/Class; java.base@17.0.9 (0 bytes) @ 0x0000024b252de163 [0x0000024b252de0a0+0x00000000000000c3]
J 1178 c1 java.lang.ClassLoader.defineClass(Ljava/lang/String;[BIILjava/security/ProtectionDomain;)Ljava/lang/Class; java.base@17.0.9 (43 bytes) @ 0x0000024b252eb25c [0x0000024b252eb160+0x00000000000000fc]
J 1162 c1 jdk.internal.loader.BuiltinClassLoader.defineClass(Ljava/lang/String;Ljdk/internal/loader/Resource;)Ljava/lang/Class; java.base@17.0.9 (121 bytes) @ 0x0000024b252e6464 [0x0000024b252e5fa0+0x00000000000004c4]
J 1161 c1 jdk.internal.loader.BuiltinClassLoader.findClassOnClassPathOrNull(Ljava/lang/String;)Ljava/lang/Class; java.base@17.0.9 (64 bytes) @ 0x0000024b252e4a5c [0x0000024b252e47a0+0x00000000000002bc]
J 943 c1 jdk.internal.loader.BuiltinClassLoader.loadClassOrNull(Ljava/lang/String;Z)Ljava/lang/Class; java.base@17.0.9 (143 bytes) @ 0x0000024b252827dc [0x0000024b25282380+0x000000000000045c]
J 1057 c1 jdk.internal.loader.ClassLoaders$AppClassLoader.loadClass(Ljava/lang/String;Z)Ljava/lang/Class; java.base@17.0.9 (40 bytes) @ 0x0000024b252b8344 [0x0000024b252b8200+0x0000000000000144]
J 1056 c1 java.lang.ClassLoader.loadClass(Ljava/lang/String;)Ljava/lang/Class; java.base@17.0.9 (7 bytes) @ 0x0000024b252b76e4 [0x0000024b252b76a0+0x0000000000000044]
v  ~StubRoutines::call_stub
j  org.apache.coyote.AbstractProcessor.<init>(Lorg/apache/coyote/Adapter;Lorg/apache/coyote/Request;Lorg/apache/coyote/Response;)V+41
j  org.apache.coyote.AbstractProcessor.<init>(Lorg/apache/coyote/Adapter;)V+16
j  org.apache.coyote.http11.Http11Processor.<init>(Lorg/apache/coyote/http11/AbstractHttp11Protocol;Lorg/apache/coyote/Adapter;)V+2
j  org.apache.coyote.http11.AbstractHttp11Protocol.createProcessor()Lorg/apache/coyote/Processor;+9
j  org.apache.coyote.AbstractProtocol$ConnectionHandler.process(Lorg/apache/tomcat/util/net/SocketWrapperBase;Lorg/apache/tomcat/util/net/SocketEvent;)Lorg/apache/tomcat/util/net/AbstractEndpoint$Handler$SocketState;+413
j  org.apache.tomcat.util.net.NioEndpoint$SocketProcessor.doRun()V+249
j  org.apache.tomcat.util.net.SocketProcessorBase.run()V+32
j  org.apache.tomcat.util.threads.ThreadPoolExecutor.runWorker(Lorg/apache/tomcat/util/threads/ThreadPoolExecutor$Worker;)V+92
j  org.apache.tomcat.util.threads.ThreadPoolExecutor$Worker.run()V+5
j  org.apache.tomcat.util.threads.TaskThread$WrappingRunnable.run()V+4
j  java.lang.Thread.run()V+11 java.base@17.0.9
v  ~StubRoutines::call_stub

Compiled method (n/a) 1150     n 0       java.lang.ClassLoader::defineClass1 (native)
 total in heap  [0x0000024b252ddf10,0x0000024b252de3f0] = 1248
 relocation     [0x0000024b252de068,0x0000024b252de0a0] = 56
 main code      [0x0000024b252de0a0,0x0000024b252de3f0] = 848

[Constant Pool (empty)]

[MachCode]
[Entry Point]
  # {method} {0x0000024b300110f0} 'defineClass1' '(Ljava/lang/ClassLoader;Ljava/lang/String;[BIILjava/security/ProtectionDomain;Ljava/lang/String;)Ljava/lang/Class;' in 'java/lang/ClassLoader'
  # parm0:    rdx:rdx   = 'java/lang/ClassLoader'
  # parm1:    r8:r8     = 'java/lang/String'
  # parm2:    r9:r9     = '[B'
  # parm3:    rdi       = int
  # parm4:    rsi       = int
  # parm5:    rcx:rcx   = 'java/security/ProtectionDomain'
  # parm6:    [sp+0xa0]   = 'java/lang/String'  (sp of caller)
  0x0000024b252de0a0: 448b 5208 | 49bb 0000 | 0030 4b02 | 0000 4d03 | d349 3bc2 | 0f84 0600 

  0x0000024b252de0b8: ;   {runtime_call ic_miss_stub}
  0x0000024b252de0b8: 0000 e9c1 | 34bf ff90 
[Verified Entry Point]
  0x0000024b252de0c0: 8984 2400 | 90ff ff55 | 488b ec48 | 81ec 9000 | 0000 4881 | 7d10 0000 | 0000 488d | 4510 480f 
  0x0000024b252de0e0: 4445 1048 | 8944 2440 | 4889 4c24 | 7048 83f9 | 0048 8d44 | 2470 480f | 4444 2470 | 4889 4424 
  0x0000024b252de100: 3848 8974 | 2430 4889 | 7c24 284c | 894c 2458 | 4983 f900 | 488d 4424 | 5848 0f44 | 4424 5848 
  0x0000024b252de120: 8944 2420 | 4c89 4424 | 5049 83f8 | 004c 8d4c | 2450 4c0f | 444c 2450 | 4889 5424 | 4848 83fa 
  0x0000024b252de140: 004c 8d44 | 2448 4c0f | 4444 2448 

  0x0000024b252de14c: ;   {oop(a 'java/lang/Class'{0x0000000083aca7f0} = 'java/lang/ClassLoader')}
  0x0000024b252de14c: 49be f0a7 | ac83 0000 | 0000 4c89 | 7424 784c | 8d74 2478 | 498b d6c5 

  0x0000024b252de164: ;   {internal_word}
  0x0000024b252de164: f877 49ba | 63e1 2d25 | 4b02 0000 | 4d89 97a0 | 0200 0049 | 89a7 9802 

  0x0000024b252de17c: ;   {external_word}
  0x0000024b252de17c: 0000 49ba | e107 b169 | fc7f 0000 | 4180 3a00 | 0f84 5200 | 0000 5241 

  0x0000024b252de194: ;   {metadata({method} {0x0000024b300110f0} 'defineClass1' '(Ljava/lang/ClassLoader;Ljava/lang/String;[BIILjava/security/ProtectionDomain;Ljava/lang/String;)Ljava/lang/Class;' in 'java/lang/ClassLoader')}
  0x0000024b252de194: 5041 5148 | bae8 1001 | 304b 0200 | 0049 8bcf | 4883 ec20 | f7c4 0f00 | 0000 0f84 | 1a00 0000 
  0x0000024b252de1b4: 4883 ec08 

  0x0000024b252de1b8: ;   {runtime_call}
  0x0000024b252de1b8: 49ba 7023 | 6e69 fc7f | 0000 41ff | d248 83c4 | 08e9 0d00 

  0x0000024b252de1cc: ;   {runtime_call}
  0x0000024b252de1cc: 0000 49ba | 7023 6e69 | fc7f 0000 | 41ff d248 | 83c4 2041 | 5941 585a | 498d 8fb8 | 0200 0041 
  0x0000024b252de1ec: c787 4803 | 0000 0400 

  0x0000024b252de1f4: ;   {runtime_call}
  0x0000024b252de1f4: 0000 49ba | ac16 13a5 | fc7f 0000 | 41ff d2c5 | f877 41c7 | 8748 0300 | 0005 0000 | 00f0 8344 
  0x0000024b252de214: 24c0 0049 | 3baf 5003 | 0000 0f87 | 1100 0000 | 4181 bf38 | 0300 0000 | 0000 000f | 842c 0000 
  0x0000024b252de234: 00c5 f877 | 4889 45f8 | 498b cf4c | 8be4 4883 | ec20 4883 

  0x0000024b252de248: ;   {runtime_call}
  0x0000024b252de248: e4f0 49ba | a0e3 7869 | fc7f 0000 | 41ff d249 | 8be4 4d33 | e448 8b45 | f841 c787 | 4803 0000 
  0x0000024b252de268: 0800 0000 | 4181 bfc0 | 0300 0002 | 0000 000f | 843f 0100 

  0x0000024b252de27c: ;   {external_word}
  0x0000024b252de27c: 0049 bae1 | 07b1 69fc | 7f00 0041 | 803a 000f | 8450 0000 | 0048 8945 

  0x0000024b252de294: ;   {metadata({method} {0x0000024b300110f0} 'defineClass1' '(Ljava/lang/ClassLoader;Ljava/lang/String;[BIILjava/security/ProtectionDomain;Ljava/lang/String;)Ljava/lang/Class;' in 'java/lang/ClassLoader')}
  0x0000024b252de294: f848 bae8 | 1001 304b | 0200 0049 | 8bcf 4883 | ec20 f7c4 | 0f00 0000 | 0f84 1a00 | 0000 4883 
  0x0000024b252de2b4: ;   {runtime_call}
  0x0000024b252de2b4: ec08 49ba | 7023 6e69 | fc7f 0000 | 41ff d248 | 83c4 08e9 | 0d00 0000 

  0x0000024b252de2cc: ;   {runtime_call}
  0x0000024b252de2cc: 49ba 7023 | 6e69 fc7f | 0000 41ff | d248 83c4 | 2048 8b45 | f849 c787 | 9802 0000 | 0000 0000 
  0x0000024b252de2ec: 49c7 87a0 | 0200 0000 | 0000 00c5 | f877 4885 | c00f 8493 | 0000 0048 | f7c0 0100 | 0000 0f84 
  0x0000024b252de30c: 8300 0000 | 488b 40ff | 4180 7f38 | 000f 846f | 0000 0048 | 83f8 000f | 8465 0000 | 0049 8b4f 
  0x0000024b252de32c: 2048 83f9 | 000f 8414 | 0000 0048 | 83e9 0849 | 894f 2049 | 034f 3048 | 8901 e943 | 0000 0050 
  0x0000024b252de34c: 498b d748 | 8bc8 4883 | ec20 f7c4 | 0f00 0000 | 0f84 1a00 | 0000 4883 

  0x0000024b252de364: ;   {runtime_call}
  0x0000024b252de364: ec08 49ba | c014 2e69 | fc7f 0000 | 41ff d248 | 83c4 08e9 | 0d00 0000 

  0x0000024b252de37c: ;   {runtime_call}
  0x0000024b252de37c: 49ba c014 | 2e69 fc7f | 0000 41ff | d248 83c4 | 2058 e903 | 0000 0048 | 8b00 498b | 8fd8 0000 
  0x0000024b252de39c: 00c7 8100 | 0100 0000 | 0000 00c9 | 4981 7f08 | 0000 0000 | 0f85 0100 

  0x0000024b252de3b4: ;   {runtime_call StubRoutines (1)}
  0x0000024b252de3b4: 0000 c3e9 | 442b baff | c5f8 7748 | 8945 f84c | 8be4 4883 | ec20 4883 

  0x0000024b252de3cc: ;   {runtime_call}
  0x0000024b252de3cc: e4f0 49ba | 2054 6e69 | fc7f 0000 | 41ff d249 | 8be4 4d33 | e448 8b45 | f8e9 93fe | ffff f4f4 
  0x0000024b252de3ec: f4f4 f4f4 
[/MachCode]


Compiled method (c1) 1178       1       java.lang.ClassLoader::defineClass (43 bytes)
 total in heap  [0x0000024b252eaf90,0x0000024b252eb530] = 1440
 relocation     [0x0000024b252eb0e8,0x0000024b252eb148] = 96
 main code      [0x0000024b252eb160,0x0000024b252eb300] = 416
 stub code      [0x0000024b252eb300,0x0000024b252eb378] = 120
 metadata       [0x0000024b252eb378,0x0000024b252eb3a8] = 48
 scopes data    [0x0000024b252eb3a8,0x0000024b252eb460] = 184
 scopes pcs     [0x0000024b252eb460,0x0000024b252eb500] = 160
 dependencies   [0x0000024b252eb500,0x0000024b252eb508] = 8
 nul chk table  [0x0000024b252eb508,0x0000024b252eb530] = 40

[Constant Pool (empty)]

[MachCode]
[Entry Point]
  # {method} {0x0000024b30010e88} 'defineClass' '(Ljava/lang/String;[BIILjava/security/ProtectionDomain;)Ljava/lang/Class;' in 'java/lang/ClassLoader'
  # this:     rdx:rdx   = 'java/lang/ClassLoader'
  # parm0:    r8:r8     = 'java/lang/String'
  # parm1:    r9:r9     = '[B'
  # parm2:    rdi       = int
  # parm3:    rsi       = int
  # parm4:    rcx:rcx   = 'java/security/ProtectionDomain'
  #           [sp+0xc0]  (sp of caller)
  0x0000024b252eb160: 448b 5208 | 49bb 0000 | 0030 4b02 | 0000 4d03 | d34c 3bd0 

  0x0000024b252eb174: ;   {runtime_call ic_miss_stub}
  0x0000024b252eb174: 0f85 0664 | beff 660f | 1f44 0000 
[Verified Entry Point]
  0x0000024b252eb180: 8984 2400 | 90ff ff55 | 4881 ecb0 | 0000 0048 | 8954 2478 | 89b4 2494 | 0000 0089 | bc24 9000 
  0x0000024b252eb1a0: 0000 4c89 | 8c24 8800 | 0000 498b | d84c 8bc3 | 4c8b c948 | 8bca 488b | d148 899c | 2480 0000 
  0x0000024b252eb1c0: 0066 0f1f 

  0x0000024b252eb1c4: ;   {optimized virtual_call}
  0x0000024b252eb1c4: 4400 00e8 

  0x0000024b252eb1c8: ; ImmutableOopMap {[120]=Oop [136]=Oop [128]=Oop }
                      ;*invokevirtual preDefineClass {reexecute=0 rethrow=0 return_oop=0}
                      ; - java.lang.ClassLoader::defineClass@4 (line 1015)
  0x0000024b252eb1c8: f42c 0000 | 4889 8424 | 9800 0000 

  0x0000024b252eb1d4: ; implicit exception: dispatches to 0x0000024b252eb29a
  0x0000024b252eb1d4: 448b 4010 | 4983 f800 | 0f85 0f00 

  0x0000024b252eb1e0: ;   {oop(NULL)}
  0x0000024b252eb1e0: 0000 48bb | 0000 0000 | 0000 0000 | e936 0000 | 0045 8b40 | 0c49 83f8 | 000f 850f 

  0x0000024b252eb1fc: ;   {oop(NULL)}
  0x0000024b252eb1fc: 0000 0048 | bb00 0000 | 0000 0000 | 00e9 1900 | 0000 418b | 5038 483b 

  0x0000024b252eb214: ;   {optimized virtual_call}
  0x0000024b252eb214: 0266 90e8 

  0x0000024b252eb218: ; ImmutableOopMap {[120]=Oop [136]=Oop [128]=Oop [152]=Oop }
                      ;*invokevirtual toExternalForm {reexecute=0 rethrow=0 return_oop=0}
                      ; - java.net.URL::toExternalForm@5 (line 1039)
                      ; - java.net.URL::toString@1 (line 1025)
                      ; - java.lang.ClassLoader::defineClassSourceLocation@22 (line 917)
                      ; - java.lang.ClassLoader::defineClass@12 (line 1016)
  0x0000024b252eb218: 0423 fdff | 488b d848 | 8b84 2498 | 0000 008b | b424 9400 | 0000 8bbc | 2490 0000 | 004c 8b8c 
  0x0000024b252eb238: 2488 0000 | 004c 8b84 | 2480 0000 | 0048 8b54 | 2478 4c8b | da49 8bd3 | 488b c848 

  0x0000024b252eb254: ;   {static_call}
  0x0000024b252eb254: 891c 24e8 

  0x0000024b252eb258: ; ImmutableOopMap {[152]=Oop [120]=Oop }
                      ;*invokestatic defineClass1 {reexecute=0 rethrow=0 return_oop=0}
                      ; - java.lang.ClassLoader::defineClass@27 (line 1017)
  0x0000024b252eb258: 642e ffff | 4c8b c04c | 8b8c 2498 | 0000 0048 | 8b54 2478 | 4889 8424 | a000 0000 

  0x0000024b252eb274: ;   {optimized virtual_call}
  0x0000024b252eb274: 6666 90e8 

  0x0000024b252eb278: ; ImmutableOopMap {[160]=Oop }
                      ;*invokevirtual postDefineClass {reexecute=0 rethrow=0 return_oop=0}
                      ; - java.lang.ClassLoader::defineClass@37 (line 1018)
  0x0000024b252eb278: 8493 0000 | 488b 8424 | a000 0000 | 4881 c4b0 | 0000 005d 

  0x0000024b252eb28c: ;   {poll_return}
  0x0000024b252eb28c: 493b a750 | 0300 000f | 8715 0000 

  0x0000024b252eb298: ;   {runtime_call throw_null_pointer_exception Runtime1 stub}
  0x0000024b252eb298: 00c3 e881 

  0x0000024b252eb29c: ; ImmutableOopMap {[120]=Oop [136]=Oop [128]=Oop rax=Oop [152]=Oop }
                      ;*invokevirtual getCodeSource {reexecute=0 rethrow=0 return_oop=0}
                      ; - java.lang.ClassLoader::defineClassSourceLocation@1 (line 914)
                      ; - java.lang.ClassLoader::defineClass@12 (line 1016)
                      ;   {runtime_call throw_null_pointer_exception Runtime1 stub}
  0x0000024b252eb29c: 7fc8 ffe8 

  0x0000024b252eb2a0: ; ImmutableOopMap {[120]=Oop [136]=Oop [128]=Oop rax=Oop [152]=Oop }
                      ;*invokevirtual getLocation {reexecute=0 rethrow=0 return_oop=0}
                      ; - java.lang.ClassLoader::defineClassSourceLocation@12 (line 916)
                      ; - java.lang.ClassLoader::defineClass@12 (line 1016)
  0x0000024b252eb2a0: 7c7f c8ff 

  0x0000024b252eb2a4: ;   {runtime_call throw_null_pointer_exception Runtime1 stub}
  0x0000024b252eb2a4: e877 7fc8 

  0x0000024b252eb2a8: ; ImmutableOopMap {[120]=Oop [136]=Oop [128]=Oop [152]=Oop r8=Oop }
                      ;*invokevirtual toString {reexecute=0 rethrow=0 return_oop=0}
                      ; - java.lang.ClassLoader::defineClassSourceLocation@22 (line 917)
                      ; - java.lang.ClassLoader::defineClass@12 (line 1016)
                      ;   {runtime_call throw_null_pointer_exception Runtime1 stub}
  0x0000024b252eb2a8: ffe8 727f 

  0x0000024b252eb2ac: ; ImmutableOopMap {[120]=Oop [136]=Oop [128]=Oop [152]=Oop r8=Oop rdx=Oop }
                      ;*invokevirtual toExternalForm {reexecute=0 rethrow=0 return_oop=0}
                      ; - java.net.URL::toExternalForm@5 (line 1039)
                      ; - java.net.URL::toString@1 (line 1025)
                      ; - java.lang.ClassLoader::defineClassSourceLocation@22 (line 917)
                      ; - java.lang.ClassLoader::defineClass@12 (line 1016)
                      ;   {internal_word}
  0x0000024b252eb2ac: c8ff 49ba | 8cb2 2e25 | 4b02 0000 | 4d89 9768 

  0x0000024b252eb2bc: ;   {runtime_call SafepointBlob}
  0x0000024b252eb2bc: 0300 00e9 | bcdc beff | 9090 498b | 87e8 0300 | 0049 c787 | e803 0000 | 0000 0000 | 49c7 87f0 
  0x0000024b252eb2dc: 0300 0000 | 0000 0048 | 81c4 b000 

  0x0000024b252eb2e8: ;   {runtime_call unwind_exception Runtime1 stub}
  0x0000024b252eb2e8: 0000 5de9 | 1070 c8ff | f4f4 f4f4 | f4f4 f4f4 | f4f4 f4f4 | f4f4 f4f4 
[Stub Code]
  0x0000024b252eb300: ;   {no_reloc}
  0x0000024b252eb300: 0f1f 4400 

  0x0000024b252eb304: ;   {static_stub}
  0x0000024b252eb304: 0048 bb00 | 0000 0000 

  0x0000024b252eb30c: ;   {runtime_call}
  0x0000024b252eb30c: 0000 00e9 | fbff ffff 

  0x0000024b252eb314: ;   {static_stub}
  0x0000024b252eb314: 9048 bb00 | 0000 0000 

  0x0000024b252eb31c: ;   {runtime_call}
  0x0000024b252eb31c: 0000 00e9 | fbff ffff 

  0x0000024b252eb324: ;   {static_stub}
  0x0000024b252eb324: 9048 bb00 | 0000 0000 

  0x0000024b252eb32c: ;   {runtime_call}
  0x0000024b252eb32c: 0000 00e9 | fbff ffff 

  0x0000024b252eb334: ;   {static_stub}
  0x0000024b252eb334: 9048 bb50 | 1101 304b 

  0x0000024b252eb33c: ;   {runtime_call I2C/C2I adapters}
  0x0000024b252eb33c: 0200 00e9 | 40ed beff 
[Exception Handler]
  0x0000024b252eb344: ;   {runtime_call handle_exception_from_callee Runtime1 stub}
  0x0000024b252eb344: e8b7 b0c8 

  0x0000024b252eb348: ;   {external_word}
  0x0000024b252eb348: ff48 b990 | 408d 69fc | 7f00 0048 

  0x0000024b252eb354: ;   {runtime_call}
  0x0000024b252eb354: 83e4 f049 | bae0 3f5b | 69fc 7f00 | 0041 ffd2 

  0x0000024b252eb364: ;   {section_word}
  0x0000024b252eb364: f449 ba65 | b32e 254b | 0200 0041 

  0x0000024b252eb370: ;   {runtime_call DeoptimizationBlob}
  0x0000024b252eb370: 52e9 aaf2 | beff f4f4 
[/MachCode]


Compiled method (c1) 1162       1       jdk.internal.loader.BuiltinClassLoader::defineClass (121 bytes)
 total in heap  [0x0000024b252e5d10,0x0000024b252e6b88] = 3704
 relocation     [0x0000024b252e5e68,0x0000024b252e5f98] = 304
 main code      [0x0000024b252e5fa0,0x0000024b252e65c0] = 1568
 stub code      [0x0000024b252e65c0,0x0000024b252e6708] = 328
 metadata       [0x0000024b252e6708,0x0000024b252e6750] = 72
 scopes data    [0x0000024b252e6750,0x0000024b252e69a8] = 600
 scopes pcs     [0x0000024b252e69a8,0x0000024b252e6b48] = 416
 dependencies   [0x0000024b252e6b48,0x0000024b252e6b50] = 8
 handler table  [0x0000024b252e6b50,0x0000024b252e6b68] = 24
 nul chk table  [0x0000024b252e6b68,0x0000024b252e6b88] = 32

[Constant Pool (empty)]

[MachCode]
[Entry Point]
  # {method} {0x0000024b30435f00} 'defineClass' '(Ljava/lang/String;Ljdk/internal/loader/Resource;)Ljava/lang/Class;' in 'jdk/internal/loader/BuiltinClassLoader'
  # this:     rdx:rdx   = 'jdk/internal/loader/BuiltinClassLoader'
  # parm0:    r8:r8     = 'java/lang/String'
  # parm1:    r9:r9     = 'jdk/internal/loader/Resource'
  #           [sp+0x110]  (sp of caller)
  0x0000024b252e5fa0: 448b 5208 | 49bb 0000 | 0030 4b02 | 0000 4d03 | d34c 3bd0 

  0x0000024b252e5fb4: ;   {runtime_call ic_miss_stub}
  0x0000024b252e5fb4: 0f85 c6b5 | beff 660f | 1f44 0000 
[Verified Entry Point]
  0x0000024b252e5fc0: 8984 2400 | 90ff ff55 | 4881 ec00 | 0100 0048 | 8994 24a0 | 0000 004c | 8984 2490 | 0000 004c 
  0x0000024b252e5fe0: 898c 2498 | 0000 0049 | 8bd1 6666 | 9048 b8ff | ffff ffff 

  0x0000024b252e5ff4: ;   {virtual_call}
  0x0000024b252e5ff4: ffff ffe8 

  0x0000024b252e5ff8: ; ImmutableOopMap {[152]=Oop [160]=Oop [144]=Oop }
                      ;*invokevirtual getCodeSourceURL {reexecute=0 rethrow=0 return_oop=0}
                      ; - jdk.internal.loader.BuiltinClassLoader::defineClass@1 (line 842)
  0x0000024b252e5ff8: 2cd2 1b00 | 4889 8424 | a800 0000 | 4c8b 8424 | 9000 0000 

  0x0000024b252e600c: ; implicit exception: dispatches to 0x0000024b252e64c3
  0x0000024b252e600c: 418b 7014 

  0x0000024b252e6010: ; implicit exception: dispatches to 0x0000024b252e64c8
  0x0000024b252e6010: 8b56 0c45 | 0fbe 4810 | 498b c9c1 | e118 c1f9 | 18d3 fa48 | 8bfa ffcf | 4183 f900 | ba00 0000 
  0x0000024b252e6030: 000f 8505 | 0000 00ba | 0100 0000 | 83e2 0183 | fa00 488b | d641 b82e | 0000 004c | 8bcf 0f84 
  0x0000024b252e6050: 0d00 0000 

  0x0000024b252e6054: ;   {static_call}
  0x0000024b252e6054: 6666 90e8 

  0x0000024b252e6058: ; ImmutableOopMap {[152]=Oop [160]=Oop [168]=Oop [144]=Oop }
                      ;*invokestatic lastIndexOf {reexecute=0 rethrow=0 return_oop=0}
                      ; - java.lang.String::lastIndexOf@13 (line 2489)
                      ; - java.lang.String::lastIndexOf@8 (line 2451)
                      ; - jdk.internal.loader.BuiltinClassLoader::defineClass@8 (line 845)
  0x0000024b252e6058: 44ef d6ff | e90b 0000 | 0066 0f1f 

  0x0000024b252e6064: ;   {static_call}
  0x0000024b252e6064: 4400 00e8 

  0x0000024b252e6068: ; ImmutableOopMap {[152]=Oop [160]=Oop [168]=Oop [144]=Oop }
                      ;*invokestatic lastIndexOf {reexecute=0 rethrow=0 return_oop=0}
                      ; - java.lang.String::lastIndexOf@25 (line 2490)
                      ; - java.lang.String::lastIndexOf@8 (line 2451)
                      ; - jdk.internal.loader.BuiltinClassLoader::defineClass@8 (line 845)
  0x0000024b252e6068: 94c5 beff | 83f8 ff0f | 8467 0000 | 0041 b800 | 0000 004c | 8bc8 488b | 9424 9000 

  0x0000024b252e6084: ;   {optimized virtual_call}
  0x0000024b252e6084: 0000 90e8 

  0x0000024b252e6088: ; ImmutableOopMap {[152]=Oop [160]=Oop [168]=Oop [144]=Oop }
                      ;*invokevirtual substring {reexecute=0 rethrow=0 return_oop=0}
                      ; - jdk.internal.loader.BuiltinClassLoader::defineClass@23 (line 847)
  0x0000024b252e6088: 74b0 d5ff | 488b 9424 | 9800 0000 | 4889 8424 | b000 0000 | 9048 b8ff | ffff ffff 

  0x0000024b252e60a4: ;   {virtual_call}
  0x0000024b252e60a4: ffff ffe8 

  0x0000024b252e60a8: ; ImmutableOopMap {[152]=Oop [160]=Oop [168]=Oop [144]=Oop [176]=Oop }
                      ;*invokevirtual getManifest {reexecute=0 rethrow=0 return_oop=0}
                      ; - jdk.internal.loader.BuiltinClassLoader::defineClass@29 (line 848)
  0x0000024b252e60a8: acd1 1b00 | 4c8b 8424 | b000 0000 | 4c8b c848 | 8bbc 24a8 | 0000 0048 | 8b94 24a0 | 0000 0066 
  0x0000024b252e60c8: 0f1f 4400 | 0048 b880 | 3908 304b 

  0x0000024b252e60d4: ;   {virtual_call}
  0x0000024b252e60d4: 0200 00e8 

  0x0000024b252e60d8: ; ImmutableOopMap {[152]=Oop [160]=Oop [168]=Oop [144]=Oop }
                      ;*invokevirtual defineOrCheckPackage {reexecute=0 rethrow=0 return_oop=0}
                      ; - jdk.internal.loader.BuiltinClassLoader::defineClass@40 (line 849)
  0x0000024b252e60d8: c4f4 ffff | 4c8b 8c24 | 9800 0000 | 488d 9424 | e000 0000 | 4c89 4a08 | 498b 0148 | 83c8 0148 
  0x0000024b252e60f8: 8902 f049 | 0fb1 110f | 8413 0000 | 0048 2bc4 | 4881 e007 | f0ff ff48 | 8902 0f85 | b503 0000 
  0x0000024b252e6118: 418b 510c | 4883 fa00 | 0f85 4700 | 0000 498b | d10f 1f40 | 0048 b8ff | ffff ffff 

  0x0000024b252e6134: ;   {virtual_call}
  0x0000024b252e6134: ffff ffe8 

  0x0000024b252e6138: ; ImmutableOopMap {[160]=Oop [168]=Oop [144]=Oop [152]=Oop [232]=Oop }
                      ;*invokevirtual getInputStream {reexecute=0 rethrow=0 return_oop=0}
                      ; - jdk.internal.loader.Resource::cachedInputStream@9 (line 77)
                      ; - jdk.internal.loader.Resource::getByteBuffer@1 (line 163)
                      ; - jdk.internal.loader.BuiltinClassLoader::defineClass@45 (line 853)
  0x0000024b252e6138: 3477 c9ff | 410f be57 | 3883 fa00 | 4c8b 8c24 | 9800 0000 | 0f85 8e03 | 0000 4c8b | d045 8951 
  0x0000024b252e6158: 0c49 8bd1 | 4833 d048 | c1ea 1448 | 83fa 000f | 858f 0300 | 0041 8b51 | 0c48 8d84 | 24e0 0000 
  0x0000024b252e6178: 0048 8b30 | 4885 f60f | 840f 0000 | 0048 8b78 | 08f0 480f | b137 0f85 | 8003 0000 | 4883 fa00 
  0x0000024b252e6198: 0f84 4400 

  0x0000024b252e619c: ;   {metadata('sun/nio/ByteBuffered')}
  0x0000024b252e619c: 0000 48b8 | 788a 0e30 | 4b02 0000 | 8b5a 0849 | ba00 0000 | 304b 0200 | 0049 03da | 483b 4320 
  0x0000024b252e61bc: 0f84 2500 | 0000 483b | d80f 841c | 0000 0053 

  0x0000024b252e61cc: ;   {runtime_call slow_subtype_check Runtime1 stub}
  0x0000024b252e61cc: 50e8 2e0e | c9ff 5b5b | 83fb 000f | 8405 0000 | 00e9 0500 | 0000 4833 | f6eb 0a48 | be01 0000 
  0x0000024b252e61ec: 0000 0000 | 0083 fe00 | 0f84 6700 | 0000 4883 | fa00 0f84 | 4400 0000 

  0x0000024b252e6204: ;   {metadata('sun/nio/ByteBuffered')}
  0x0000024b252e6204: 48bb 788a | 0e30 4b02 | 0000 8b7a | 0849 ba00 | 0000 304b | 0200 0049 | 03fa 483b | 5f20 0f84 
  0x0000024b252e6224: 2000 0000 | 483b fb0f | 8417 0000 

  0x0000024b252e6230: ;   {runtime_call slow_subtype_check Runtime1 stub}
  0x0000024b252e6230: 0057 53e8 | c80d c9ff | 5f5f 83ff | 000f 84e7 | 0200 00e9 | 0000 0000 | 0f1f 4400 | 0048 b8ff 
  0x0000024b252e6250: ffff ffff 

  0x0000024b252e6254: ;   {virtual_call}
  0x0000024b252e6254: ffff ffe8 

  0x0000024b252e6258: ; ImmutableOopMap {[160]=Oop [168]=Oop [144]=Oop [152]=Oop }
                      ;*invokeinterface getByteBuffer {reexecute=0 rethrow=0 return_oop=0}
                      ; - jdk.internal.loader.Resource::getByteBuffer@16 (line 165)
                      ; - jdk.internal.loader.BuiltinClassLoader::defineClass@45 (line 853)
  0x0000024b252e6258: 24be beff | e90a 0000 

  0x0000024b252e6260: ;   {oop(NULL)}
  0x0000024b252e6260: 0048 b800 | 0000 0000 | 0000 0048 | 83f8 000f | 84e5 0000 | 0048 8984 | 24b8 0000 | 0048 8b94 
  0x0000024b252e6280: 2498 0000 | 0048 b8ff | ffff ffff 

  0x0000024b252e628c: ;   {virtual_call}
  0x0000024b252e628c: ffff ffe8 

  0x0000024b252e6290: ; ImmutableOopMap {[160]=Oop [168]=Oop [144]=Oop [184]=Oop }
                      ;*invokevirtual getCodeSigners {reexecute=0 rethrow=0 return_oop=0}
                      ; - jdk.internal.loader.BuiltinClassLoader::defineClass@56 (line 855)
  0x0000024b252e6290: ecbd beff 

  0x0000024b252e6294: ;   {metadata('java/security/CodeSource')}
  0x0000024b252e6294: 4c8b c848 | ba78 f000 | 304b 0200 | 0049 8b87 | 0801 0000 | 488d 7828 | 493b bf18 | 0100 000f 
  0x0000024b252e62b4: 877a 0200 | 0049 89bf | 0801 0000 | 48c7 0001 | 0000 0048 | 8bca 49ba | 0000 0030 | 4b02 0000 
  0x0000024b252e62d4: 492b ca89 | 4808 4833 | c989 480c | 4833 c948 | 8948 1048 | 8948 1848 | 8948 204c | 8b84 24a8 
  0x0000024b252e62f4: 0000 0048 | 8bd0 4889 | 8424 c000 | 0000 0f1f 

  0x0000024b252e6304: ;   {optimized virtual_call}
  0x0000024b252e6304: 4400 00e8 

  0x0000024b252e6308: ; ImmutableOopMap {[160]=Oop [144]=Oop [184]=Oop [192]=Oop }
                      ;*invokespecial <init> {reexecute=0 rethrow=0 return_oop=0}
                      ; - jdk.internal.loader.BuiltinClassLoader::defineClass@68 (line 856)
  0x0000024b252e6308: f4b7 beff | 4c8b 8424 | c000 0000 | 488b 9424 | a000 0000 

  0x0000024b252e631c: ;   {optimized virtual_call}
  0x0000024b252e631c: 6666 90e8 

  0x0000024b252e6320: ; ImmutableOopMap {[160]=Oop [144]=Oop [184]=Oop }
                      ;*invokevirtual getProtectionDomain {reexecute=0 rethrow=0 return_oop=0}
                      ; - java.security.SecureClassLoader::defineClass@5 (line 182)
                      ; - jdk.internal.loader.BuiltinClassLoader::defineClass@79 (line 857)
  0x0000024b252e6320: dcb7 beff | 4c8b 8424 | 9000 0000 | 4c8b 8c24 | b800 0000 | 488b f848 | 8b94 24a0 

  0x0000024b252e633c: ;   {optimized virtual_call}
  0x0000024b252e633c: 0000 00e8 

  0x0000024b252e6340: ; ImmutableOopMap {}
                      ;*invokevirtual defineClass {reexecute=0 rethrow=0 return_oop=0}
                      ; - java.security.SecureClassLoader::defineClass@8 (line 182)
                      ; - jdk.internal.loader.BuiltinClassLoader::defineClass@79 (line 857)
  0x0000024b252e6340: bcb7 beff | 4881 c400 | 0100 005d 

  0x0000024b252e634c: ;   {poll_return}
  0x0000024b252e634c: 493b a750 | 0300 000f | 87e7 0100 | 00c3 4c8b | 8c24 9800 | 0000 498b | d148 b8ff | ffff ffff 
  0x0000024b252e636c: ;   {virtual_call}
  0x0000024b252e636c: ffff ffe8 

  0x0000024b252e6370: ; ImmutableOopMap {[160]=Oop [144]=Oop [152]=Oop [168]=Oop }
                      ;*invokevirtual getBytes {reexecute=0 rethrow=0 return_oop=0}
                      ; - jdk.internal.loader.BuiltinClassLoader::defineClass@84 (line 859)
  0x0000024b252e6370: 8c79 c9ff | 4889 8424 | c800 0000 | 488b 9424 | 9800 0000 | 9048 b8ff | ffff ffff 

  0x0000024b252e638c: ;   {virtual_call}
  0x0000024b252e638c: ffff ffe8 

  0x0000024b252e6390: ; ImmutableOopMap {[160]=Oop [144]=Oop [168]=Oop [200]=Oop }
                      ;*invokevirtual getCodeSigners {reexecute=0 rethrow=0 return_oop=0}
                      ; - jdk.internal.loader.BuiltinClassLoader::defineClass@90 (line 860)
  0x0000024b252e6390: 6c75 c9ff 

  0x0000024b252e6394: ;   {metadata('java/security/CodeSource')}
  0x0000024b252e6394: 4c8b c848 | ba78 f000 | 304b 0200 | 0049 8b87 | 0801 0000 | 488d 7828 | 493b bf18 | 0100 000f 
  0x0000024b252e63b4: 879d 0100 | 0049 89bf | 0801 0000 | 48c7 0001 | 0000 0048 | 8bca 49ba | 0000 0030 | 4b02 0000 
  0x0000024b252e63d4: 492b ca89 | 4808 4833 | c989 480c | 4833 c948 | 8948 1048 | 8948 1848 | 8948 204c | 8b84 24a8 
  0x0000024b252e63f4: 0000 0048 | 8bd0 4889 | 8424 d000 | 0000 0f1f 

  0x0000024b252e6404: ;   {optimized virtual_call}
  0x0000024b252e6404: 4400 00e8 

  0x0000024b252e6408: ; ImmutableOopMap {[160]=Oop [144]=Oop [200]=Oop [208]=Oop }
                      ;*invokespecial <init> {reexecute=0 rethrow=0 return_oop=0}
                      ; - jdk.internal.loader.BuiltinClassLoader::defineClass@102 (line 861)
  0x0000024b252e6408: f436 0000 | 488b 8424 | c800 0000 

  0x0000024b252e6414: ; implicit exception: dispatches to 0x0000024b252e6563
  0x0000024b252e6414: 8b70 0c4c | 8b84 24d0 | 0000 0048 | 8b94 24a0 | 0000 0089 | b424 d800 

  0x0000024b252e642c: ;   {optimized virtual_call}
  0x0000024b252e642c: 0000 90e8 

  0x0000024b252e6430: ; ImmutableOopMap {[160]=Oop [144]=Oop [200]=Oop }
                      ;*invokevirtual getProtectionDomain {reexecute=0 rethrow=0 return_oop=0}
                      ; - java.security.SecureClassLoader::defineClass@9 (line 150)
                      ; - jdk.internal.loader.BuiltinClassLoader::defineClass@117 (line 862)
  0x0000024b252e6430: ac3c 0000 | 4c8b 8424 | 9000 0000 | 4c8b 8c24 | c800 0000 | bf00 0000 | 008b b424 | d800 0000 
  0x0000024b252e6450: 488b c848 | 8b94 24a0 | 0000 000f 

  0x0000024b252e645c: ;   {optimized virtual_call}
  0x0000024b252e645c: 1f40 00e8 

  0x0000024b252e6460: ; ImmutableOopMap {}
                      ;*invokevirtual defineClass {reexecute=0 rethrow=0 return_oop=0}
                      ; - java.security.SecureClassLoader::defineClass@12 (line 150)
                      ; - jdk.internal.loader.BuiltinClassLoader::defineClass@117 (line 862)
  0x0000024b252e6460: 1c4d 0000 | 4881 c400 | 0100 005d 

  0x0000024b252e646c: ;   {poll_return}
  0x0000024b252e646c: 493b a750 | 0300 000f | 87ef 0000 | 00c3 498b | 87e8 0300 | 004d 33d2 | 4d89 97e8 | 0300 004d 
  0x0000024b252e648c: 33d2 4d89 | 97f0 0300 | 0048 8bf0 | 488d 8424 | e000 0000 | 488b 3848 | 85ff 0f84 | 0f00 0000 
  0x0000024b252e64ac: 488b 5808 | f048 0fb1 | 3b0f 85c3 | 0000 0048 | 8bc6 e9f0 

  0x0000024b252e64c0: ;   {runtime_call throw_null_pointer_exception Runtime1 stub}
  0x0000024b252e64c0: 0000 00e8 

  0x0000024b252e64c4: ; ImmutableOopMap {[152]=Oop [160]=Oop rax=Oop [168]=Oop r8=Oop [144]=Oop }
                      ;*invokevirtual lastIndexOf {reexecute=0 rethrow=0 return_oop=0}
                      ; - jdk.internal.loader.BuiltinClassLoader::defineClass@8 (line 845)
  0x0000024b252e64c4: 58cd c8ff 

  0x0000024b252e64c8: ;   {runtime_call throw_null_pointer_exception Runtime1 stub}
  0x0000024b252e64c8: e853 cdc8 

  0x0000024b252e64cc: ; ImmutableOopMap {[152]=Oop [160]=Oop rax=Oop [168]=Oop r8=Oop [144]=Oop rsi=Oop }
                      ;*arraylength {reexecute=0 rethrow=0 return_oop=0}
                      ; - java.lang.String::length@4 (line 1481)
                      ; - java.lang.String::lastIndexOf@3 (line 2451)
                      ; - jdk.internal.loader.BuiltinClassLoader::defineClass@8 (line 845)
  0x0000024b252e64cc: ff4c 894c | 2408 4889 

  0x0000024b252e64d4: ;   {runtime_call monitorenter_nofpu Runtime1 stub}
  0x0000024b252e64d4: 1424 e8a5 

  0x0000024b252e64d8: ; ImmutableOopMap {[160]=Oop [168]=Oop [144]=Oop r9=Oop [152]=Oop [232]=Oop }
                      ;*synchronization entry
                      ; - jdk.internal.loader.Resource::cachedInputStream@-1 (line 76)
                      ; - jdk.internal.loader.Resource::getByteBuffer@1 (line 163)
                      ; - jdk.internal.loader.BuiltinClassLoader::defineClass@45 (line 853)
  0x0000024b252e64d8: 11c9 ffe9 | 38fc ffff | 418b 510c | 4883 fa00 | 0f84 64fc | ffff 4889 

  0x0000024b252e64f0: ;   {runtime_call g1_pre_barrier_slow}
  0x0000024b252e64f0: 1424 e889 | 45c9 ffe9 | 56fc ffff | 4883 f800 | 0f84 67fc | ffff 4c89 

  0x0000024b252e6508: ;   {runtime_call g1_post_barrier_slow}
  0x0000024b252e6508: 0c24 e871 | 49c9 ffe9 | 59fc ffff | 488d 8424 | e000 0000 | 4889 0424 

  0x0000024b252e6520: ;   {runtime_call monitorexit_nofpu Runtime1 stub}
  0x0000024b252e6520: e8db 17c9 | ffe9 6afc | ffff 4889 

  0x0000024b252e652c: ;   {runtime_call throw_class_cast_exception Runtime1 stub}
  0x0000024b252e652c: 1424 e8ed 

  0x0000024b252e6530: ; ImmutableOopMap {[160]=Oop [168]=Oop [144]=Oop [152]=Oop }
                      ;*checkcast {reexecute=0 rethrow=0 return_oop=0}
                      ; - jdk.internal.loader.Resource::getByteBuffer@13 (line 165)
                      ; - jdk.internal.loader.BuiltinClassLoader::defineClass@45 (line 853)
  0x0000024b252e6530: 04c9 ff48 

  0x0000024b252e6534: ;   {runtime_call fast_new_instance Runtime1 stub}
  0x0000024b252e6534: 8bd2 e8c5 

  0x0000024b252e6538: ; ImmutableOopMap {[160]=Oop [168]=Oop [144]=Oop [184]=Oop r9=Oop }
                      ;*new {reexecute=0 rethrow=0 return_oop=0}
                      ; - jdk.internal.loader.BuiltinClassLoader::defineClass@61 (line 856)
  0x0000024b252e6538: dac8 ffe9 | affd ffff 

  0x0000024b252e6540: ;   {internal_word}
  0x0000024b252e6540: 49ba 4c63 | 2e25 4b02 | 0000 4d89 | 9768 0300 

  0x0000024b252e6550: ;   {runtime_call SafepointBlob}
  0x0000024b252e6550: 00e9 2a2a | bfff 488b 

  0x0000024b252e6558: ;   {runtime_call fast_new_instance Runtime1 stub}
  0x0000024b252e6558: d2e8 a2da 

  0x0000024b252e655c: ; ImmutableOopMap {[160]=Oop [144]=Oop [168]=Oop [200]=Oop r9=Oop }
                      ;*new {reexecute=0 rethrow=0 return_oop=0}
                      ; - jdk.internal.loader.BuiltinClassLoader::defineClass@95 (line 861)
  0x0000024b252e655c: c8ff e98c 

  0x0000024b252e6560: ;   {runtime_call throw_null_pointer_exception Runtime1 stub}
  0x0000024b252e6560: feff ffe8 

  0x0000024b252e6564: ; ImmutableOopMap {[160]=Oop [144]=Oop [208]=Oop rax=Oop [200]=Oop }
                      ;*arraylength {reexecute=0 rethrow=0 return_oop=0}
                      ; - jdk.internal.loader.BuiltinClassLoader::defineClass@114 (line 862)
  0x0000024b252e6564: b8cc c8ff 

  0x0000024b252e6568: ;   {internal_word}
  0x0000024b252e6568: 49ba 6c64 | 2e25 4b02 | 0000 4d89 | 9768 0300 

  0x0000024b252e6578: ;   {runtime_call SafepointBlob}
  0x0000024b252e6578: 00e9 022a | bfff 488d | 8424 e000 | 0000 4889 

  0x0000024b252e6588: ;   {runtime_call monitorexit_nofpu Runtime1 stub}
  0x0000024b252e6588: 0424 e871 | 17c9 ffe9 | 27ff ffff | 9090 498b | 87e8 0300 | 0049 c787 | e803 0000 | 0000 0000 
  0x0000024b252e65a8: 49c7 87f0 | 0300 0000 | 0000 0048 | 81c4 0001 

  0x0000024b252e65b8: ;   {runtime_call unwind_exception Runtime1 stub}
  0x0000024b252e65b8: 0000 5de9 | 40bd c8ff 
[Stub Code]
  0x0000024b252e65c0: ;   {no_reloc}
  0x0000024b252e65c0: 0f1f 4400 

  0x0000024b252e65c4: ;   {static_stub}
  0x0000024b252e65c4: 0048 bb00 | 0000 0000 

  0x0000024b252e65cc: ;   {runtime_call}
  0x0000024b252e65cc: 0000 00e9 | fbff ffff 

  0x0000024b252e65d4: ;   {static_stub}
  0x0000024b252e65d4: 9048 bb00 | 0000 0000 

  0x0000024b252e65dc: ;   {runtime_call}
  0x0000024b252e65dc: 0000 00e9 | fbff ffff 

  0x0000024b252e65e4: ;   {static_stub}
  0x0000024b252e65e4: 9048 bb00 | 0000 0000 

  0x0000024b252e65ec: ;   {runtime_call}
  0x0000024b252e65ec: 0000 00e9 | fbff ffff 

  0x0000024b252e65f4: ;   {static_stub}
  0x0000024b252e65f4: 9048 bb00 | 0000 0000 

  0x0000024b252e65fc: ;   {runtime_call}
  0x0000024b252e65fc: 0000 00e9 | fbff ffff 

  0x0000024b252e6604: ;   {static_stub}
  0x0000024b252e6604: 9048 bb00 | 0000 0000 

  0x0000024b252e660c: ;   {runtime_call}
  0x0000024b252e660c: 0000 00e9 | fbff ffff 

  0x0000024b252e6614: ;   {static_stub}
  0x0000024b252e6614: 9048 bb00 | 0000 0000 

  0x0000024b252e661c: ;   {runtime_call}
  0x0000024b252e661c: 0000 00e9 | fbff ffff 

  0x0000024b252e6624: ;   {static_stub}
  0x0000024b252e6624: 9048 bb00 | 0000 0000 

  0x0000024b252e662c: ;   {runtime_call}
  0x0000024b252e662c: 0000 00e9 | fbff ffff 

  0x0000024b252e6634: ;   {static_stub}
  0x0000024b252e6634: 9048 bb00 | 0000 0000 

  0x0000024b252e663c: ;   {runtime_call}
  0x0000024b252e663c: 0000 00e9 | fbff ffff 

  0x0000024b252e6644: ;   {static_stub}
  0x0000024b252e6644: 9048 bb00 | 0000 0000 

  0x0000024b252e664c: ;   {runtime_call}
  0x0000024b252e664c: 0000 00e9 | fbff ffff 

  0x0000024b252e6654: ;   {static_stub}
  0x0000024b252e6654: 9048 bb00 | 0000 0000 

  0x0000024b252e665c: ;   {runtime_call}
  0x0000024b252e665c: 0000 00e9 | fbff ffff 

  0x0000024b252e6664: ;   {static_stub}
  0x0000024b252e6664: 9048 bb00 | 0000 0000 

  0x0000024b252e666c: ;   {runtime_call}
  0x0000024b252e666c: 0000 00e9 | fbff ffff 

  0x0000024b252e6674: ;   {static_stub}
  0x0000024b252e6674: 9048 bb00 | 0000 0000 

  0x0000024b252e667c: ;   {runtime_call}
  0x0000024b252e667c: 0000 00e9 | fbff ffff 

  0x0000024b252e6684: ;   {static_stub}
  0x0000024b252e6684: 9048 bb00 | 0000 0000 

  0x0000024b252e668c: ;   {runtime_call}
  0x0000024b252e668c: 0000 00e9 | fbff ffff 

  0x0000024b252e6694: ;   {static_stub}
  0x0000024b252e6694: 9048 bb00 | 0000 0000 

  0x0000024b252e669c: ;   {runtime_call}
  0x0000024b252e669c: 0000 00e9 | fbff ffff 

  0x0000024b252e66a4: ;   {static_stub}
  0x0000024b252e66a4: 9048 bb00 | 0000 0000 

  0x0000024b252e66ac: ;   {runtime_call}
  0x0000024b252e66ac: 0000 00e9 | fbff ffff 

  0x0000024b252e66b4: ;   {static_stub}
  0x0000024b252e66b4: 9048 bb00 | 0000 0000 

  0x0000024b252e66bc: ;   {runtime_call}
  0x0000024b252e66bc: 0000 00e9 | fbff ffff 

  0x0000024b252e66c4: ;   {static_stub}
  0x0000024b252e66c4: 9048 bb00 | 0000 0000 

  0x0000024b252e66cc: ;   {runtime_call}
  0x0000024b252e66cc: 0000 00e9 | fbff ffff 
[Exception Handler]
  0x0000024b252e66d4: ;   {runtime_call handle_exception_from_callee Runtime1 stub}
  0x0000024b252e66d4: e827 fdc8 

  0x0000024b252e66d8: ;   {external_word}
  0x0000024b252e66d8: ff48 b990 | 408d 69fc | 7f00 0048 

  0x0000024b252e66e4: ;   {runtime_call}
  0x0000024b252e66e4: 83e4 f049 | bae0 3f5b | 69fc 7f00 | 0041 ffd2 

  0x0000024b252e66f4: ;   {section_word}
  0x0000024b252e66f4: f449 baf5 | 662e 254b | 0200 0041 

  0x0000024b252e6700: ;   {runtime_call DeoptimizationBlob}
  0x0000024b252e6700: 52e9 1a3f | bfff f4f4 
[/MachCode]


---------------  P R O C E S S  ---------------

Threads class SMR info:
_java_thread_list=0x0000024b775ba110, length=30, elements={
0x0000024b2fbd3780, 0x0000024b2fbd4350, 0x0000024b2fbf4c60, 0x0000024b2fbf6640,
0x0000024b2fbf7010, 0x0000024b2fbf99f0, 0x0000024b2fbfa870, 0x0000024b2fbfe780,
0x0000024b2fbbff00, 0x0000024b753face0, 0x0000024b753fb1d0, 0x0000024b75748610,
0x0000024b766d2830, 0x0000024b76739db0, 0x0000024b7695f450, 0x0000024b76901f20,
0x0000024b769051c0, 0x0000024b76902430, 0x0000024b769056d0, 0x0000024b76902940,
0x0000024b76903870, 0x0000024b76902e50, 0x0000024b76903d80, 0x0000024b76904290,
0x0000024b769047a0, 0x0000024b76904cb0, 0x0000024b776f6080, 0x0000024b776f9830,
0x0000024b776fbba0, 0x0000024b776f6fb0
}

Java Threads: ( => current thread )
  0x0000024b2fbd3780 JavaThread "Reference Handler" daemon [_thread_blocked, id=2528, stack(0x000000b91a000000,0x000000b91a100000)]
  0x0000024b2fbd4350 JavaThread "Finalizer" daemon [_thread_blocked, id=1828, stack(0x000000b91a100000,0x000000b91a200000)]
  0x0000024b2fbf4c60 JavaThread "Signal Dispatcher" daemon [_thread_blocked, id=4896, stack(0x000000b91a200000,0x000000b91a300000)]
  0x0000024b2fbf6640 JavaThread "Attach Listener" daemon [_thread_blocked, id=12272, stack(0x000000b91a300000,0x000000b91a400000)]
  0x0000024b2fbf7010 JavaThread "Service Thread" daemon [_thread_blocked, id=1104, stack(0x000000b91a400000,0x000000b91a500000)]
  0x0000024b2fbf99f0 JavaThread "Monitor Deflation Thread" daemon [_thread_blocked, id=6352, stack(0x000000b91a500000,0x000000b91a600000)]
  0x0000024b2fbfa870 JavaThread "C1 CompilerThread0" daemon [_thread_blocked, id=6216, stack(0x000000b91a600000,0x000000b91a700000)]
  0x0000024b2fbfe780 JavaThread "Sweeper thread" daemon [_thread_blocked, id=5336, stack(0x000000b91a700000,0x000000b91a800000)]
  0x0000024b2fbbff00 JavaThread "Common-Cleaner" daemon [_thread_blocked, id=10780, stack(0x000000b91a800000,0x000000b91a900000)]
  0x0000024b753face0 JavaThread "Monitor Ctrl-Break" daemon [_thread_in_native, id=9232, stack(0x000000b91aa00000,0x000000b91ab00000)]
  0x0000024b753fb1d0 JavaThread "Notification Thread" daemon [_thread_blocked, id=9784, stack(0x000000b91ab00000,0x000000b91ac00000)]
  0x0000024b75748610 JavaThread "RMI TCP Accept-0" daemon [_thread_in_native, id=3896, stack(0x000000b91ae00000,0x000000b91af00000)]
  0x0000024b766d2830 JavaThread "RMI Scheduler(0)" daemon [_thread_blocked, id=5460, stack(0x000000b91ba00000,0x000000b91bb00000)]
  0x0000024b76739db0 JavaThread "Catalina-utility-1" [_thread_blocked, id=9228, stack(0x000000b91bc00000,0x000000b91bd00000)]
  0x0000024b7695f450 JavaThread "Catalina-utility-2" [_thread_blocked, id=12928, stack(0x000000b91bd00000,0x000000b91be00000)]
  0x0000024b76901f20 JavaThread "container-0" [_thread_blocked, id=8620, stack(0x000000b91be00000,0x000000b91bf00000)]
  0x0000024b769051c0 JavaThread "HikariPool-1 housekeeper" daemon [_thread_blocked, id=724, stack(0x000000b91c000000,0x000000b91c100000)]
=>0x0000024b76902430 JavaThread "http-nio-8082-exec-1" daemon [_thread_in_vm, id=9540, stack(0x000000b91c200000,0x000000b91c300000)]
  0x0000024b769056d0 JavaThread "http-nio-8082-exec-2" daemon [_thread_blocked, id=7244, stack(0x000000b91c300000,0x000000b91c400000)]
  0x0000024b76902940 JavaThread "http-nio-8082-exec-3" daemon [_thread_blocked, id=2312, stack(0x000000b91c400000,0x000000b91c500000)]
  0x0000024b76903870 JavaThread "http-nio-8082-exec-4" daemon [_thread_blocked, id=9672, stack(0x000000b91c500000,0x000000b91c600000)]
  0x0000024b76902e50 JavaThread "http-nio-8082-exec-5" daemon [_thread_blocked, id=9212, stack(0x000000b91c600000,0x000000b91c700000)]
  0x0000024b76903d80 JavaThread "http-nio-8082-exec-6" daemon [_thread_blocked, id=4356, stack(0x000000b91c700000,0x000000b91c800000)]
  0x0000024b76904290 JavaThread "http-nio-8082-exec-7" daemon [_thread_blocked, id=12008, stack(0x000000b91c800000,0x000000b91c900000)]
  0x0000024b769047a0 JavaThread "http-nio-8082-exec-8" daemon [_thread_blocked, id=6452, stack(0x000000b91c900000,0x000000b91ca00000)]
  0x0000024b76904cb0 JavaThread "http-nio-8082-exec-9" daemon [_thread_blocked, id=9952, stack(0x000000b91ca00000,0x000000b91cb00000)]
  0x0000024b776f6080 JavaThread "http-nio-8082-exec-10" daemon [_thread_blocked, id=7692, stack(0x000000b91cb00000,0x000000b91cc00000)]
  0x0000024b776f9830 JavaThread "http-nio-8082-Poller" daemon [_thread_in_native, id=10312, stack(0x000000b91cc00000,0x000000b91cd00000)]
  0x0000024b776fbba0 JavaThread "http-nio-8082-Acceptor" daemon [_thread_in_native, id=872, stack(0x000000b91cd00000,0x000000b91ce00000)]
  0x0000024b776f6fb0 JavaThread "DestroyJavaVM" [_thread_blocked, id=5328, stack(0x000000b919900000,0x000000b919a00000)]

Other Threads:
  0x0000024b2fbd0ce0 VMThread "VM Thread" [stack: 0x000000b919f00000,0x000000b91a000000] [id=4256]
  0x0000024b19930930 WatcherThread [stack: 0x000000b91af00000,0x000000b91b000000] [id=4368]
  0x0000024b19987ca0 GCTaskThread "GC Thread#0" [stack: 0x000000b919a00000,0x000000b919b00000] [id=10024]
  0x0000024b75960200 GCTaskThread "GC Thread#1" [stack: 0x000000b91b000000,0x000000b91b100000] [id=2428]
  0x0000024b759604c0 GCTaskThread "GC Thread#2" [stack: 0x000000b91b100000,0x000000b91b200000] [id=8360]
  0x0000024b759d8fd0 GCTaskThread "GC Thread#3" [stack: 0x000000b91b200000,0x000000b91b300000] [id=11132]
  0x0000024b759d96a0 GCTaskThread "GC Thread#4" [stack: 0x000000b91b300000,0x000000b91b400000] [id=2908]
  0x0000024b759d9960 GCTaskThread "GC Thread#5" [stack: 0x000000b91b400000,0x000000b91b500000] [id=10268]
  0x0000024b759d9c20 GCTaskThread "GC Thread#6" [stack: 0x000000b91b500000,0x000000b91b600000] [id=4572]
  0x0000024b759da2f0 GCTaskThread "GC Thread#7" [stack: 0x000000b91b600000,0x000000b91b700000] [id=2072]
  0x0000024b19998530 ConcurrentGCThread "G1 Main Marker" [stack: 0x000000b919b00000,0x000000b919c00000] [id=11920]
  0x0000024b19998f50 ConcurrentGCThread "G1 Conc#0" [stack: 0x000000b919c00000,0x000000b919d00000] [id=8304]
  0x0000024b7667ed80 ConcurrentGCThread "G1 Conc#1" [stack: 0x000000b91bb00000,0x000000b91bc00000] [id=8780]
  0x0000024b199de650 ConcurrentGCThread "G1 Refine#0" [stack: 0x000000b919d00000,0x000000b919e00000] [id=5248]
  0x0000024b75991cf0 ConcurrentGCThread "G1 Refine#1" [stack: 0x000000b91b700000,0x000000b91b800000] [id=8968]
  0x0000024b751f7ad0 ConcurrentGCThread "G1 Refine#2" [stack: 0x000000b91b800000,0x000000b91b900000] [id=8940]
  0x0000024b2fa86250 ConcurrentGCThread "G1 Service" [stack: 0x000000b919e00000,0x000000b919f00000] [id=10768]

Threads with active compile tasks:

VM state: not at safepoint (normal execution)

VM Mutex/Monitor currently owned by a thread:  ([mutex/lock_event])
[0x0000024b197c64a0] Metaspace_lock - owner thread: 0x0000024b76902430

Heap address: 0x0000000083600000, size: 1994 MB, Compressed Oops mode: 32-bit

CDS archive(s) mapped at: [0x0000024b30000000-0x0000024b30bb0000-0x0000024b30bb0000), size 12255232, SharedBaseAddress: 0x0000024b30000000, ArchiveRelocationMode: 1.
Compressed class space mapped at: 0x0000024b31000000-0x0000024b71000000, reserved size: 1073741824
Narrow klass base: 0x0000024b30000000, Narrow klass shift: 0, Narrow klass range: 0x100000000

GC Precious Log:
 CPUs: 8 total, 8 available
 Memory: 7969M
 Large Page Support: Disabled
 NUMA Support: Disabled
 Compressed Oops: Enabled (32-bit)
 Heap Region Size: 1M
 Heap Min Capacity: 8M
 Heap Initial Capacity: 126M
 Heap Max Capacity: 1994M
 Pre-touch: Disabled
 Parallel Workers: 8
 Concurrent Workers: 2
 Concurrent Refinement Workers: 8
 Periodic GC: Disabled

Heap:
 garbage-first heap   total 91136K, used 66999K [0x0000000083600000, 0x0000000100000000)
  region size 1024K, 41 young (41984K), 3 survivors (3072K)
 Metaspace       used 63654K, committed 64256K, reserved 1114112K
  class space    used 9477K, committed 9792K, reserved 1048576K

Heap Regions: E=young(eden), S=young(survivor), O=old, HS=humongous(starts), HC=humongous(continues), CS=collection set, F=free, OA=open archive, CA=closed archive, TAMS=top-at-mark-start (previous, next)
|   0|0x0000000083600000, 0x0000000083700000, 0x0000000083700000|100%|HS|  |TAMS 0x0000000083700000, 0x0000000083600000| Complete 
|   1|0x0000000083700000, 0x0000000083800000, 0x0000000083800000|100%| O|  |TAMS 0x0000000083800000, 0x0000000083700000| Untracked 
|   2|0x0000000083800000, 0x0000000083900000, 0x0000000083900000|100%| O|  |TAMS 0x0000000083900000, 0x0000000083800000| Untracked 
|   3|0x0000000083900000, 0x0000000083a00000, 0x0000000083a00000|100%| O|  |TAMS 0x0000000083a00000, 0x0000000083900000| Untracked 
|   4|0x0000000083a00000, 0x0000000083b00000, 0x0000000083b00000|100%| O|  |TAMS 0x0000000083b00000, 0x0000000083a00000| Untracked 
|   5|0x0000000083b00000, 0x0000000083c00000, 0x0000000083c00000|100%| O|  |TAMS 0x0000000083c00000, 0x0000000083b00000| Untracked 
|   6|0x0000000083c00000, 0x0000000083d00000, 0x0000000083d00000|100%| O|  |TAMS 0x0000000083d00000, 0x0000000083c00000| Untracked 
|   7|0x0000000083d00000, 0x0000000083e00000, 0x0000000083e00000|100%| O|  |TAMS 0x0000000083e00000, 0x0000000083d00000| Untracked 
|   8|0x0000000083e00000, 0x0000000083f00000, 0x0000000083f00000|100%| O|  |TAMS 0x0000000083f00000, 0x0000000083e00000| Untracked 
|   9|0x0000000083f00000, 0x0000000084000000, 0x0000000084000000|100%| O|  |TAMS 0x0000000084000000, 0x0000000083f00000| Untracked 
|  10|0x0000000084000000, 0x0000000084100000, 0x0000000084100000|100%| O|  |TAMS 0x0000000084100000, 0x0000000084000000| Untracked 
|  11|0x0000000084100000, 0x0000000084200000, 0x0000000084200000|100%| O|  |TAMS 0x0000000084200000, 0x0000000084100000| Untracked 
|  12|0x0000000084200000, 0x0000000084300000, 0x0000000084300000|100%| O|  |TAMS 0x0000000084300000, 0x0000000084200000| Untracked 
|  13|0x0000000084300000, 0x0000000084400000, 0x0000000084400000|100%| O|  |TAMS 0x0000000084400000, 0x0000000084300000| Untracked 
|  14|0x0000000084400000, 0x0000000084500000, 0x0000000084500000|100%| O|  |TAMS 0x0000000084500000, 0x0000000084400000| Untracked 
|  15|0x0000000084500000, 0x0000000084600000, 0x0000000084600000|100%| O|  |TAMS 0x0000000084600000, 0x0000000084500000| Untracked 
|  16|0x0000000084600000, 0x0000000084700000, 0x0000000084700000|100%| O|  |TAMS 0x0000000084700000, 0x0000000084600000| Untracked 
|  17|0x0000000084700000, 0x0000000084771800, 0x0000000084800000| 44%| O|  |TAMS 0x0000000084771800, 0x0000000084700000| Untracked 
|  18|0x0000000084800000, 0x0000000084900000, 0x0000000084900000|100%| O|  |TAMS 0x0000000084900000, 0x0000000084800000| Untracked 
|  19|0x0000000084900000, 0x0000000084a00000, 0x0000000084a00000|100%| O|  |TAMS 0x0000000084a00000, 0x0000000084900000| Untracked 
|  20|0x0000000084a00000, 0x0000000084b00000, 0x0000000084b00000|100%| O|  |TAMS 0x0000000084b00000, 0x0000000084a00000| Untracked 
|  21|0x0000000084b00000, 0x0000000084c00000, 0x0000000084c00000|100%| O|  |TAMS 0x0000000084c00000, 0x0000000084b00000| Untracked 
|  22|0x0000000084c00000, 0x0000000084d00000, 0x0000000084d00000|100%| O|  |TAMS 0x0000000084d00000, 0x0000000084c00000| Untracked 
|  23|0x0000000084d00000, 0x0000000084e00000, 0x0000000084e00000|100%| O|  |TAMS 0x0000000084e00000, 0x0000000084d00000| Untracked 
|  24|0x0000000084e00000, 0x0000000084f00000, 0x0000000084f00000|100%| O|  |TAMS 0x0000000084f00000, 0x0000000084e00000| Untracked 
|  25|0x0000000084f00000, 0x0000000085000000, 0x0000000085000000|100%| O|  |TAMS 0x0000000085000000, 0x0000000084f00000| Untracked 
|  26|0x0000000085000000, 0x00000000850d5400, 0x0000000085100000| 83%| O|  |TAMS 0x00000000850d5400, 0x0000000085000000| Untracked 
|  27|0x0000000085100000, 0x0000000085100000, 0x0000000085200000|  0%| F|  |TAMS 0x0000000085100000, 0x0000000085100000| Untracked 
|  28|0x0000000085200000, 0x0000000085200000, 0x0000000085300000|  0%| F|  |TAMS 0x0000000085200000, 0x0000000085200000| Untracked 
|  29|0x0000000085300000, 0x0000000085300000, 0x0000000085400000|  0%| F|  |TAMS 0x0000000085300000, 0x0000000085300000| Untracked 
|  30|0x0000000085400000, 0x0000000085400000, 0x0000000085500000|  0%| F|  |TAMS 0x0000000085400000, 0x0000000085400000| Untracked 
|  31|0x0000000085500000, 0x0000000085500000, 0x0000000085600000|  0%| F|  |TAMS 0x0000000085500000, 0x0000000085500000| Untracked 
|  32|0x0000000085600000, 0x0000000085600000, 0x0000000085700000|  0%| F|  |TAMS 0x0000000085600000, 0x0000000085600000| Untracked 
|  33|0x0000000085700000, 0x0000000085700000, 0x0000000085800000|  0%| F|  |TAMS 0x0000000085700000, 0x0000000085700000| Untracked 
|  34|0x0000000085800000, 0x0000000085800000, 0x0000000085900000|  0%| F|  |TAMS 0x0000000085800000, 0x0000000085800000| Untracked 
|  35|0x0000000085900000, 0x0000000085900000, 0x0000000085a00000|  0%| F|  |TAMS 0x0000000085900000, 0x0000000085900000| Untracked 
|  36|0x0000000085a00000, 0x0000000085a00000, 0x0000000085b00000|  0%| F|  |TAMS 0x0000000085a00000, 0x0000000085a00000| Untracked 
|  37|0x0000000085b00000, 0x0000000085b00000, 0x0000000085c00000|  0%| F|  |TAMS 0x0000000085b00000, 0x0000000085b00000| Untracked 
|  38|0x0000000085c00000, 0x0000000085c00000, 0x0000000085d00000|  0%| F|  |TAMS 0x0000000085c00000, 0x0000000085c00000| Untracked 
|  39|0x0000000085d00000, 0x0000000085d00000, 0x0000000085e00000|  0%| F|  |TAMS 0x0000000085d00000, 0x0000000085d00000| Untracked 
|  40|0x0000000085e00000, 0x0000000085e00000, 0x0000000085f00000|  0%| F|  |TAMS 0x0000000085e00000, 0x0000000085e00000| Untracked 
|  41|0x0000000085f00000, 0x0000000085f00000, 0x0000000086000000|  0%| F|  |TAMS 0x0000000085f00000, 0x0000000085f00000| Untracked 
|  42|0x0000000086000000, 0x0000000086000000, 0x0000000086100000|  0%| F|  |TAMS 0x0000000086000000, 0x0000000086000000| Untracked 
|  43|0x0000000086100000, 0x0000000086100000, 0x0000000086200000|  0%| F|  |TAMS 0x0000000086100000, 0x0000000086100000| Untracked 
|  44|0x0000000086200000, 0x0000000086200000, 0x0000000086300000|  0%| F|  |TAMS 0x0000000086200000, 0x0000000086200000| Untracked 
|  45|0x0000000086300000, 0x0000000086300000, 0x0000000086400000|  0%| F|  |TAMS 0x0000000086300000, 0x0000000086300000| Untracked 
|  46|0x0000000086400000, 0x0000000086400000, 0x0000000086500000|  0%| F|  |TAMS 0x0000000086400000, 0x0000000086400000| Untracked 
|  47|0x0000000086500000, 0x0000000086500000, 0x0000000086600000|  0%| F|  |TAMS 0x0000000086500000, 0x0000000086500000| Untracked 
|  48|0x0000000086600000, 0x0000000086637e28, 0x0000000086700000| 21%| E|  |TAMS 0x0000000086600000, 0x0000000086600000| Complete 
|  49|0x0000000086700000, 0x0000000086800000, 0x0000000086800000|100%| E|CS|TAMS 0x0000000086700000, 0x0000000086700000| Complete 
|  50|0x0000000086800000, 0x0000000086900000, 0x0000000086900000|100%| E|CS|TAMS 0x0000000086800000, 0x0000000086800000| Complete 
|  51|0x0000000086900000, 0x0000000086a00000, 0x0000000086a00000|100%| E|CS|TAMS 0x0000000086900000, 0x0000000086900000| Complete 
|  52|0x0000000086a00000, 0x0000000086b00000, 0x0000000086b00000|100%| E|CS|TAMS 0x0000000086a00000, 0x0000000086a00000| Complete 
|  53|0x0000000086b00000, 0x0000000086c00000, 0x0000000086c00000|100%| E|CS|TAMS 0x0000000086b00000, 0x0000000086b00000| Complete 
|  54|0x0000000086c00000, 0x0000000086d00000, 0x0000000086d00000|100%| E|CS|TAMS 0x0000000086c00000, 0x0000000086c00000| Complete 
|  55|0x0000000086d00000, 0x0000000086e00000, 0x0000000086e00000|100%| E|CS|TAMS 0x0000000086d00000, 0x0000000086d00000| Complete 
|  56|0x0000000086e00000, 0x0000000086f00000, 0x0000000086f00000|100%| E|CS|TAMS 0x0000000086e00000, 0x0000000086e00000| Complete 
|  57|0x0000000086f00000, 0x0000000087000000, 0x0000000087000000|100%| E|CS|TAMS 0x0000000086f00000, 0x0000000086f00000| Complete 
|  58|0x0000000087000000, 0x0000000087100000, 0x0000000087100000|100%| E|CS|TAMS 0x0000000087000000, 0x0000000087000000| Complete 
|  59|0x0000000087100000, 0x0000000087200000, 0x0000000087200000|100%| E|CS|TAMS 0x0000000087100000, 0x0000000087100000| Complete 
|  60|0x0000000087200000, 0x0000000087300000, 0x0000000087300000|100%| E|CS|TAMS 0x0000000087200000, 0x0000000087200000| Complete 
|  61|0x0000000087300000, 0x0000000087400000, 0x0000000087400000|100%| E|CS|TAMS 0x0000000087300000, 0x0000000087300000| Complete 
|  62|0x0000000087400000, 0x0000000087500000, 0x0000000087500000|100%| E|CS|TAMS 0x0000000087400000, 0x0000000087400000| Complete 
|  63|0x0000000087500000, 0x00000000875272d0, 0x0000000087600000| 15%| S|CS|TAMS 0x0000000087500000, 0x0000000087500000| Complete 
|  64|0x0000000087600000, 0x0000000087700000, 0x0000000087700000|100%| S|CS|TAMS 0x0000000087600000, 0x0000000087600000| Complete 
|  65|0x0000000087700000, 0x0000000087800000, 0x0000000087800000|100%| S|CS|TAMS 0x0000000087700000, 0x0000000087700000| Complete 
|  66|0x0000000087800000, 0x0000000087900000, 0x0000000087900000|100%| E|CS|TAMS 0x0000000087800000, 0x0000000087800000| Complete 
|  67|0x0000000087900000, 0x0000000087a00000, 0x0000000087a00000|100%| E|CS|TAMS 0x0000000087900000, 0x0000000087900000| Complete 
|  68|0x0000000087a00000, 0x0000000087b00000, 0x0000000087b00000|100%| E|CS|TAMS 0x0000000087a00000, 0x0000000087a00000| Complete 
|  69|0x0000000087b00000, 0x0000000087c00000, 0x0000000087c00000|100%| E|CS|TAMS 0x0000000087b00000, 0x0000000087b00000| Complete 
|  70|0x0000000087c00000, 0x0000000087d00000, 0x0000000087d00000|100%| E|CS|TAMS 0x0000000087c00000, 0x0000000087c00000| Complete 
|  71|0x0000000087d00000, 0x0000000087e00000, 0x0000000087e00000|100%| E|CS|TAMS 0x0000000087d00000, 0x0000000087d00000| Complete 
|  72|0x0000000087e00000, 0x0000000087f00000, 0x0000000087f00000|100%| E|CS|TAMS 0x0000000087e00000, 0x0000000087e00000| Complete 
|  73|0x0000000087f00000, 0x0000000088000000, 0x0000000088000000|100%| E|CS|TAMS 0x0000000087f00000, 0x0000000087f00000| Complete 
|  74|0x0000000088000000, 0x0000000088100000, 0x0000000088100000|100%| E|CS|TAMS 0x0000000088000000, 0x0000000088000000| Complete 
|  75|0x0000000088100000, 0x0000000088200000, 0x0000000088200000|100%| E|CS|TAMS 0x0000000088100000, 0x0000000088100000| Complete 
|  76|0x0000000088200000, 0x0000000088300000, 0x0000000088300000|100%| E|CS|TAMS 0x0000000088200000, 0x0000000088200000| Complete 
|  77|0x0000000088300000, 0x0000000088400000, 0x0000000088400000|100%| E|CS|TAMS 0x0000000088300000, 0x0000000088300000| Complete 
|  78|0x0000000088400000, 0x0000000088500000, 0x0000000088500000|100%| E|CS|TAMS 0x0000000088400000, 0x0000000088400000| Complete 
|  79|0x0000000088500000, 0x0000000088600000, 0x0000000088600000|100%| E|CS|TAMS 0x0000000088500000, 0x0000000088500000| Complete 
|  80|0x0000000088600000, 0x0000000088700000, 0x0000000088700000|100%| E|CS|TAMS 0x0000000088600000, 0x0000000088600000| Complete 
|  81|0x0000000088700000, 0x0000000088800000, 0x0000000088800000|100%| E|CS|TAMS 0x0000000088700000, 0x0000000088700000| Complete 
|  82|0x0000000088800000, 0x0000000088900000, 0x0000000088900000|100%| E|CS|TAMS 0x0000000088800000, 0x0000000088800000| Complete 
|  83|0x0000000088900000, 0x0000000088a00000, 0x0000000088a00000|100%| E|CS|TAMS 0x0000000088900000, 0x0000000088900000| Complete 
|  84|0x0000000088a00000, 0x0000000088b00000, 0x0000000088b00000|100%| E|CS|TAMS 0x0000000088a00000, 0x0000000088a00000| Complete 
|  85|0x0000000088b00000, 0x0000000088c00000, 0x0000000088c00000|100%| E|CS|TAMS 0x0000000088b00000, 0x0000000088b00000| Complete 
|  86|0x0000000088c00000, 0x0000000088d00000, 0x0000000088d00000|100%| E|CS|TAMS 0x0000000088c00000, 0x0000000088c00000| Complete 
|  87|0x0000000088d00000, 0x0000000088e00000, 0x0000000088e00000|100%| E|CS|TAMS 0x0000000088d00000, 0x0000000088d00000| Complete 
| 125|0x000000008b300000, 0x000000008b400000, 0x000000008b400000|100%| E|CS|TAMS 0x000000008b300000, 0x000000008b300000| Complete 

Card table byte_map: [0x0000024b28af0000,0x0000024b28ee0000] _byte_map_base: 0x0000024b286d5000

Marking Bits (Prev, Next): (CMBitMap*) 0x0000024b19988300, (CMBitMap*) 0x0000024b199882c0
 Prev Bits: [0x0000024b2b200000, 0x0000024b2d128000)
 Next Bits: [0x0000024b292d0000, 0x0000024b2b1f8000)

Polling page: 0x0000024b199e0000

Metaspace:

Usage:
  Non-class:     52.91 MB used.
      Class:      9.26 MB used.
       Both:     62.16 MB used.

Virtual space:
  Non-class space:       64.00 MB reserved,      53.19 MB ( 83%) committed,  1 nodes.
      Class space:        1.00 GB reserved,       9.56 MB ( <1%) committed,  1 nodes.
             Both:        1.06 GB reserved,      62.75 MB (  6%) committed. 

Chunk freelists:
   Non-Class:  9.98 MB
       Class:  6.48 MB
        Both:  16.47 MB

MaxMetaspaceSize: unlimited
CompressedClassSpaceSize: 1.00 GB
Initial GC threshold: 21.00 MB
Current GC threshold: 98.69 MB
CDS: on
MetaspaceReclaimPolicy: balanced
 - commit_granule_bytes: 65536.
 - commit_granule_words: 8192.
 - virtual_space_node_default_size: 8388608.
 - enlarge_chunks_in_place: 1.
 - new_chunks_are_fully_committed: 0.
 - uncommit_free_chunks: 1.
 - use_allocation_guard: 0.
 - handle_deallocations: 1.


Internal statistics:

num_allocs_failed_limit: 9.
num_arena_births: 826.
num_arena_deaths: 0.
num_vsnodes_births: 2.
num_vsnodes_deaths: 0.
num_space_committed: 1004.
num_space_uncommitted: 0.
num_chunks_returned_to_freelist: 9.
num_chunks_taken_from_freelist: 3173.
num_chunk_merges: 9.
num_chunk_splits: 2291.
num_chunks_enlarged: 1793.
num_inconsistent_stats: 0.

CodeCache: size=49152Kb used=10263Kb max_used=11912Kb free=38888Kb
 bounds [0x0000024b24e80000, 0x0000024b25a30000, 0x0000024b27e80000]
 total_blobs=6384 nmethods=5723 adapters=587
 compilation: enabled
              stopped_count=0, restarted_count=0
 full_count=0

JVMCI Events (1 events):
Event: 0.043 Thread 0x0000024b1992f840 created new Java JVMCI runtime -1 (0x0000024b2fa987a0)

Compilation events (20 events):
Event: 83.187 Thread 0x0000024b2fbfa870 5714       1       java.util.concurrent.locks.ReentrantReadWriteLock$Sync::exclusiveCount (5 bytes)
Event: 83.188 Thread 0x0000024b2fbfa870 nmethod 5714 0x0000024b2502e010 code [0x0000024b2502e1a0, 0x0000024b2502e258]
Event: 83.218 Thread 0x0000024b2fbfa870 5715       1       java.util.concurrent.locks.AbstractQueuedSynchronizer$Node::clearStatus (12 bytes)
Event: 83.219 Thread 0x0000024b2fbfa870 nmethod 5715 0x0000024b2502dd10 code [0x0000024b2502dea0, 0x0000024b2502df78]
Event: 83.219 Thread 0x0000024b2fbfa870 5717   !   1       java.util.concurrent.locks.AbstractQueuedSynchronizer::acquire (407 bytes)
Event: 83.222 Thread 0x0000024b2fbfa870 nmethod 5717 0x0000024b2502c110 code [0x0000024b2502c3c0, 0x0000024b2502d568]
Event: 83.222 Thread 0x0000024b2fbfa870 5716       1       jdk.internal.misc.Unsafe::putIntOpaque (9 bytes)
Event: 83.222 Thread 0x0000024b2fbfa870 nmethod 5716 0x0000024b2502be10 code [0x0000024b2502bfa0, 0x0000024b2502c078]
Event: 86.218 Thread 0x0000024b2fbfa870 5718       1       java.util.concurrent.ThreadPoolExecutor::workerCountOf (5 bytes)
Event: 86.218 Thread 0x0000024b2fbfa870 nmethod 5718 0x0000024b2502bb10 code [0x0000024b2502bca0, 0x0000024b2502bd58]
Event: 93.123 Thread 0x0000024b2fbfa870 5719       1       java.util.concurrent.locks.AbstractQueuedSynchronizer$ConditionNode::<init> (5 bytes)
Event: 93.123 Thread 0x0000024b2fbfa870 nmethod 5719 0x0000024b2502b810 code [0x0000024b2502b9a0, 0x0000024b2502ba58]
Event: 93.123 Thread 0x0000024b2fbfa870 5720       1       java.util.concurrent.locks.AbstractQueuedSynchronizer$ConditionObject::enableWait (84 bytes)
Event: 93.124 Thread 0x0000024b2fbfa870 nmethod 5720 0x0000024b2502b010 code [0x0000024b2502b200, 0x0000024b2502b618]
Event: 93.124 Thread 0x0000024b2fbfa870 5721       1       java.util.concurrent.locks.AbstractQueuedSynchronizer$Node::setStatusRelaxed (12 bytes)
Event: 93.124 Thread 0x0000024b2fbfa870 nmethod 5721 0x0000024b2502ad10 code [0x0000024b2502aea0, 0x0000024b2502af78]
Event: 95.207 Thread 0x0000024b2fbfa870 5722       1       java.util.concurrent.locks.AbstractQueuedSynchronizer$Node::getAndUnsetStatus (14 bytes)
Event: 95.208 Thread 0x0000024b2fbfa870 nmethod 5722 0x0000024b2502a990 code [0x0000024b2502ab20, 0x0000024b2502ac38]
Event: 95.208 Thread 0x0000024b2fbfa870 5723       1       jdk.internal.misc.Unsafe::getAndBitwiseAndInt (27 bytes)
Event: 95.208 Thread 0x0000024b2fbfa870 nmethod 5723 0x0000024b2502a610 code [0x0000024b2502a7a0, 0x0000024b2502a8b8]

GC Heap History (20 events):
Event: 2.706 GC heap before
{Heap before GC invocations=4 (full 0):
 garbage-first heap   total 55296K, used 40101K [0x0000000083600000, 0x0000000100000000)
  region size 1024K, 32 young (32768K), 7 survivors (7168K)
 Metaspace       used 25068K, committed 25536K, reserved 1114112K
  class space    used 3499K, committed 3712K, reserved 1048576K
}
Event: 2.718 GC heap after
{Heap after GC invocations=5 (full 0):
 garbage-first heap   total 55296K, used 17154K [0x0000000083600000, 0x0000000100000000)
  region size 1024K, 3 young (3072K), 3 survivors (3072K)
 Metaspace       used 25068K, committed 25536K, reserved 1114112K
  class space    used 3499K, committed 3712K, reserved 1048576K
}
Event: 2.737 GC heap before
{Heap before GC invocations=5 (full 0):
 garbage-first heap   total 55296K, used 18178K [0x0000000083600000, 0x0000000100000000)
  region size 1024K, 4 young (4096K), 3 survivors (3072K)
 Metaspace       used 25241K, committed 25664K, reserved 1114112K
  class space    used 3526K, committed 3712K, reserved 1048576K
}
Event: 2.744 GC heap after
{Heap after GC invocations=6 (full 0):
 garbage-first heap   total 55296K, used 17438K [0x0000000083600000, 0x0000000100000000)
  region size 1024K, 1 young (1024K), 1 survivors (1024K)
 Metaspace       used 25241K, committed 25664K, reserved 1114112K
  class space    used 3526K, committed 3712K, reserved 1048576K
}
Event: 3.153 GC heap before
{Heap before GC invocations=6 (full 0):
 garbage-first heap   total 55296K, used 37918K [0x0000000083600000, 0x0000000100000000)
  region size 1024K, 21 young (21504K), 1 survivors (1024K)
 Metaspace       used 28259K, committed 28736K, reserved 1114112K
  class space    used 3951K, committed 4224K, reserved 1048576K
}
Event: 3.156 GC heap after
{Heap after GC invocations=7 (full 0):
 garbage-first heap   total 110592K, used 18717K [0x0000000083600000, 0x0000000100000000)
  region size 1024K, 2 young (2048K), 2 survivors (2048K)
 Metaspace       used 28259K, committed 28736K, reserved 1114112K
  class space    used 3951K, committed 4224K, reserved 1048576K
}
Event: 3.950 GC heap before
{Heap before GC invocations=7 (full 0):
 garbage-first heap   total 110592K, used 50461K [0x0000000083600000, 0x0000000100000000)
  region size 1024K, 34 young (34816K), 2 survivors (2048K)
 Metaspace       used 35499K, committed 35968K, reserved 1114112K
  class space    used 5051K, committed 5312K, reserved 1048576K
}
Event: 3.954 GC heap after
{Heap after GC invocations=8 (full 0):
 garbage-first heap   total 110592K, used 20142K [0x0000000083600000, 0x0000000100000000)
  region size 1024K, 4 young (4096K), 4 survivors (4096K)
 Metaspace       used 35499K, committed 35968K, reserved 1114112K
  class space    used 5051K, committed 5312K, reserved 1048576K
}
Event: 4.861 GC heap before
{Heap before GC invocations=9 (full 0):
 garbage-first heap   total 75776K, used 60078K [0x0000000083600000, 0x0000000100000000)
  region size 1024K, 44 young (45056K), 4 survivors (4096K)
 Metaspace       used 46504K, committed 46976K, reserved 1114112K
  class space    used 6672K, committed 6912K, reserved 1048576K
}
Event: 4.866 GC heap after
{Heap after GC invocations=10 (full 0):
 garbage-first heap   total 75776K, used 22297K [0x0000000083600000, 0x0000000100000000)
  region size 1024K, 6 young (6144K), 6 survivors (6144K)
 Metaspace       used 46504K, committed 46976K, reserved 1114112K
  class space    used 6672K, committed 6912K, reserved 1048576K
}
Event: 5.626 GC heap before
{Heap before GC invocations=10 (full 0):
 garbage-first heap   total 75776K, used 55065K [0x0000000083600000, 0x0000000100000000)
  region size 1024K, 38 young (38912K), 6 survivors (6144K)
 Metaspace       used 53047K, committed 53632K, reserved 1114112K
  class space    used 7629K, committed 7936K, reserved 1048576K
}
Event: 5.631 GC heap after
{Heap after GC invocations=11 (full 0):
 garbage-first heap   total 75776K, used 24602K [0x0000000083600000, 0x0000000100000000)
  region size 1024K, 5 young (5120K), 5 survivors (5120K)
 Metaspace       used 53047K, committed 53632K, reserved 1114112K
  class space    used 7629K, committed 7936K, reserved 1048576K
}
Event: 6.117 GC heap before
{Heap before GC invocations=11 (full 0):
 garbage-first heap   total 75776K, used 55322K [0x0000000083600000, 0x0000000100000000)
  region size 1024K, 36 young (36864K), 5 survivors (5120K)
 Metaspace       used 56981K, committed 57600K, reserved 1114112K
  class space    used 8296K, committed 8576K, reserved 1048576K
}
Event: 6.124 GC heap after
{Heap after GC invocations=12 (full 0):
 garbage-first heap   total 75776K, used 27007K [0x0000000083600000, 0x0000000100000000)
  region size 1024K, 5 young (5120K), 5 survivors (5120K)
 Metaspace       used 56981K, committed 57600K, reserved 1114112K
  class space    used 8296K, committed 8576K, reserved 1048576K
}
Event: 6.379 GC heap before
{Heap before GC invocations=12 (full 0):
 garbage-first heap   total 75776K, used 56703K [0x0000000083600000, 0x0000000100000000)
  region size 1024K, 35 young (35840K), 5 survivors (5120K)
 Metaspace       used 59292K, committed 59840K, reserved 1114112K
  class space    used 8762K, committed 9024K, reserved 1048576K
}
Event: 6.384 GC heap after
{Heap after GC invocations=13 (full 0):
 garbage-first heap   total 75776K, used 28677K [0x0000000083600000, 0x0000000100000000)
  region size 1024K, 4 young (4096K), 4 survivors (4096K)
 Metaspace       used 59292K, committed 59840K, reserved 1114112K
  class space    used 8762K, committed 9024K, reserved 1048576K
}
Event: 6.469 GC heap before
{Heap before GC invocations=13 (full 0):
 garbage-first heap   total 75776K, used 59397K [0x0000000083600000, 0x0000000100000000)
  region size 1024K, 34 young (34816K), 4 survivors (4096K)
 Metaspace       used 59394K, committed 59968K, reserved 1114112K
  class space    used 8776K, committed 9024K, reserved 1048576K
}
Event: 6.474 GC heap after
{Heap after GC invocations=14 (full 0):
 garbage-first heap   total 75776K, used 28677K [0x0000000083600000, 0x0000000100000000)
  region size 1024K, 2 young (2048K), 2 survivors (2048K)
 Metaspace       used 59394K, committed 59968K, reserved 1114112K
  class space    used 8776K, committed 9024K, reserved 1048576K
}
Event: 6.554 GC heap before
{Heap before GC invocations=14 (full 0):
 garbage-first heap   total 75776K, used 35845K [0x0000000083600000, 0x0000000100000000)
  region size 1024K, 10 young (10240K), 2 survivors (2048K)
 Metaspace       used 59754K, committed 60288K, reserved 1114112K
  class space    used 8837K, committed 9088K, reserved 1048576K
}
Event: 6.558 GC heap after
{Heap after GC invocations=15 (full 0):
 garbage-first heap   total 91136K, used 29111K [0x0000000083600000, 0x0000000100000000)
  region size 1024K, 3 young (3072K), 3 survivors (3072K)
 Metaspace       used 59754K, committed 60288K, reserved 1114112K
  class space    used 8837K, committed 9088K, reserved 1048576K
}

Dll operation events (13 events):
Event: 0.012 Loaded shared library C:\Users\PC\.jdks\graalvm-jdk-17.0.9\bin\java.dll
Event: 0.046 Loaded shared library C:\Users\PC\.jdks\graalvm-jdk-17.0.9\bin\jsvml.dll
Event: 0.149 Loaded shared library C:\Users\PC\.jdks\graalvm-jdk-17.0.9\bin\zip.dll
Event: 0.153 Loaded shared library C:\Users\PC\.jdks\graalvm-jdk-17.0.9\bin\instrument.dll
Event: 0.160 Loaded shared library C:\Users\PC\.jdks\graalvm-jdk-17.0.9\bin\net.dll
Event: 0.162 Loaded shared library C:\Users\PC\.jdks\graalvm-jdk-17.0.9\bin\nio.dll
Event: 0.165 Loaded shared library C:\Users\PC\.jdks\graalvm-jdk-17.0.9\bin\zip.dll
Event: 0.285 Loaded shared library C:\Program Files\JetBrains\IntelliJ IDEA 2023.1.1\bin\breakgen64.dll
Event: 0.290 Loaded shared library C:\Users\PC\.jdks\graalvm-jdk-17.0.9\bin\jimage.dll
Event: 0.319 Loaded shared library C:\Users\PC\.jdks\graalvm-jdk-17.0.9\bin\management.dll
Event: 0.332 Loaded shared library C:\Users\PC\.jdks\graalvm-jdk-17.0.9\bin\management_ext.dll
Event: 1.635 Loaded shared library C:\Users\PC\.jdks\graalvm-jdk-17.0.9\bin\sunmscapi.dll
Event: 3.654 Loaded shared library C:\Users\PC\.jdks\graalvm-jdk-17.0.9\bin\verify.dll

Deoptimization events (10 events):
Event: 2.619 Thread 0x0000024b1992f840 DEOPT PACKING pc=0x0000024b255d03ec sp=0x000000b9199fcf50
Event: 2.619 Thread 0x0000024b1992f840 DEOPT UNPACKING pc=0x0000024b24edb1c5 sp=0x000000b9199fc408 mode 0
Event: 3.111 Thread 0x0000024b1992f840 DEOPT PACKING pc=0x0000024b25435a01 sp=0x000000b9199fe650
Event: 3.111 Thread 0x0000024b1992f840 DEOPT UNPACKING pc=0x0000024b24edb1c5 sp=0x000000b9199fdae0 mode 3
Event: 3.111 Thread 0x0000024b7695f450 DEOPT PACKING pc=0x0000024b253d0497 sp=0x000000b91bdfeff0
Event: 3.111 Thread 0x0000024b7695f450 DEOPT UNPACKING pc=0x0000024b24edb1c5 sp=0x000000b91bdfe448 mode 3
Event: 5.535 Thread 0x0000024b1992f840 DEOPT PACKING pc=0x0000024b2543ed22 sp=0x000000b9199fbe00
Event: 5.535 Thread 0x0000024b1992f840 DEOPT UNPACKING pc=0x0000024b24edb1c5 sp=0x000000b9199fb308 mode 3
Event: 5.639 Thread 0x0000024b1992f840 DEOPT PACKING pc=0x0000024b25456724 sp=0x000000b9199fc260
Event: 5.639 Thread 0x0000024b1992f840 DEOPT UNPACKING pc=0x0000024b24edb1c5 sp=0x000000b9199fb7b8 mode 0

Classes unloaded (0 events):
No events

Classes redefined (0 events):
No events

Internal exceptions (20 events):
Event: 5.775 Thread 0x0000024b1992f840 Exception <a 'java/lang/NoSuchMethodError'{0x00000000871f4178}: 'int java.lang.invoke.DirectMethodHandle$Holder.invokeStatic(java.lang.Object, java.lang.Object, int)'> (0x00000000871f4178) 
thrown [s\src\hotspot\share\interpreter\linkResolver.cpp, line 759]
Event: 5.781 Thread 0x0000024b1992f840 Exception <a 'java/lang/IncompatibleClassChangeError'{0x0000000087039160}: Found class java.lang.Object, but interface was expected> (0x0000000087039160) 
thrown [s\src\hotspot\share\interpreter\linkResolver.cpp, line 826]
Event: 5.826 Thread 0x0000024b1992f840 Exception <a 'java/lang/NoSuchMethodError'{0x0000000086fd8e58}: 'java.lang.Object java.lang.invoke.DirectMethodHandle$Holder.invokeStatic(java.lang.Object, int, java.lang.Object)'> (0x0000000086fd8e58) 
thrown [s\src\hotspot\share\interpreter\linkResolver.cpp, line 759]
Event: 6.083 Thread 0x0000024b1992f840 Exception <a 'java/lang/reflect/InvocationTargetException'{0x0000000086257a58}> (0x0000000086257a58) 
thrown [s\src\hotspot\share\runtime\reflection.cpp, line 1121]
Event: 6.255 Thread 0x0000024b76663820 Exception <a 'java/lang/reflect/InvocationTargetException'{0x0000000086e22f40}> (0x0000000086e22f40) 
thrown [s\src\hotspot\share\runtime\reflection.cpp, line 1121]
Event: 6.325 Thread 0x0000024b1992f840 Exception <a 'java/lang/reflect/InvocationTargetException'{0x0000000086c55a18}> (0x0000000086c55a18) 
thrown [s\src\hotspot\share\runtime\reflection.cpp, line 1121]
Event: 6.360 Thread 0x0000024b1992f840 Exception <a 'java/lang/reflect/InvocationTargetException'{0x00000000866ff590}> (0x00000000866ff590) 
thrown [s\src\hotspot\share\runtime\reflection.cpp, line 1121]
Event: 6.367 Thread 0x0000024b1992f840 Exception <a 'java/lang/reflect/InvocationTargetException'{0x0000000086529c28}> (0x0000000086529c28) 
thrown [s\src\hotspot\share\runtime\reflection.cpp, line 1121]
Event: 6.404 Thread 0x0000024b1992f840 Exception <a 'java/lang/reflect/InvocationTargetException'{0x00000000879454d8}> (0x00000000879454d8) 
thrown [s\src\hotspot\share\runtime\reflection.cpp, line 1121]
Event: 6.481 Thread 0x0000024b1992f840 Exception <a 'java/lang/reflect/InvocationTargetException'{0x0000000087f0af40}> (0x0000000087f0af40) 
thrown [s\src\hotspot\share\runtime\reflection.cpp, line 1121]
Event: 6.765 Thread 0x0000024b76663820 Exception <a 'java/lang/reflect/InvocationTargetException'{0x00000000884405d8}> (0x00000000884405d8) 
thrown [s\src\hotspot\share\runtime\reflection.cpp, line 1121]
Event: 6.770 Thread 0x0000024b1992f840 Exception <a 'sun/nio/fs/WindowsException'{0x00000000885e3fa0}> (0x00000000885e3fa0) 
thrown [s\src\hotspot\share\prims\jni.cpp, line 516]
Event: 6.828 Thread 0x0000024b1992f840 Exception <a 'java/lang/IncompatibleClassChangeError'{0x0000000088034348}: Found class java.lang.Object, but interface was expected> (0x0000000088034348) 
thrown [s\src\hotspot\share\interpreter\linkResolver.cpp, line 826]
Event: 7.003 Thread 0x0000024b1992f840 Exception <a 'java/lang/NoSuchMethodError'{0x0000000087969920}: 'void java.lang.invoke.DirectMethodHandle$Holder.invokeVirtual(java.lang.Object, java.lang.Object, long)'> (0x0000000087969920) 
thrown [s\src\hotspot\share\interpreter\linkResolver.cpp, line 759]
Event: 7.059 Thread 0x0000024b1992f840 Exception <a 'java/lang/NoSuchMethodError'{0x0000000087207410}: 'int java.lang.invoke.DirectMethodHandle$Holder.invokeStaticInit(java.lang.Object, java.lang.Object, java.lang.Object, java.lang.Object)'> (0x0000000087207410) 
thrown [s\src\hotspot\share\interpreter\linkResolver.cpp, line 759]
Event: 7.094 Thread 0x0000024b1992f840 Exception <a 'java/lang/IncompatibleClassChangeError'{0x00000000871ef340}: Found class java.lang.Object, but interface was expected> (0x00000000871ef340) 
thrown [s\src\hotspot\share\interpreter\linkResolver.cpp, line 826]
Event: 7.181 Thread 0x0000024b1992f840 Exception <a 'java/lang/NoSuchMethodError'{0x0000000086cb2a18}: 'java.lang.Object java.lang.invoke.DirectMethodHandle$Holder.newInvokeSpecial(java.lang.Object, java.lang.Object, int, java.lang.Object, java.lang.Object)'> (0x0000000086cb2a18) 
thrown [s\src\hotspot\share\interpreter\linkResolver.cpp, line 759]
Event: 7.182 Thread 0x0000024b1992f840 Exception <a 'java/lang/NoSuchMethodError'{0x0000000086cbdcb0}: 'java.lang.Object java.lang.invoke.DirectMethodHandle$Holder.invokeSpecial(java.lang.Object, java.lang.Object, int, java.lang.Object, int, java.lang.Object)'> (0x0000000086cbdcb0) 
thrown [s\src\hotspot\share\interpreter\linkResolver.cpp, line 759]
Event: 7.182 Thread 0x0000024b1992f840 Exception <a 'java/lang/NoSuchMethodError'{0x0000000086cc5bc8}: 'java.lang.Object java.lang.invoke.DirectMethodHandle$Holder.newInvokeSpecial(java.lang.Object, java.lang.Object, int, java.lang.Object, int)'> (0x0000000086cc5bc8) 
thrown [s\src\hotspot\share\interpreter\linkResolver.cpp, line 759]
Event: 7.182 Thread 0x0000024b1992f840 Exception <a 'java/lang/NoSuchMethodError'{0x0000000086cc9cc8}: 'java.lang.Object java.lang.invoke.DirectMethodHandle$Holder.invokeSpecial(java.lang.Object, java.lang.Object, java.lang.Object, int, java.lang.Object, int)'> (0x0000000086cc9cc8) 
thrown [s\src\hotspot\share\interpreter\linkResolver.cpp, line 759]

VM Operations (20 events):
Event: 6.554 Executing VM operation: CollectForMetadataAllocation
Event: 6.558 Executing VM operation: CollectForMetadataAllocation done
Event: 6.585 Executing VM operation: G1PauseRemark
Event: 6.591 Executing VM operation: G1PauseRemark done
Event: 6.602 Executing VM operation: G1PauseCleanup
Event: 6.603 Executing VM operation: G1PauseCleanup done
Event: 6.692 Executing VM operation: HandshakeAllThreads
Event: 6.692 Executing VM operation: HandshakeAllThreads done
Event: 6.709 Executing VM operation: HandshakeAllThreads
Event: 6.709 Executing VM operation: HandshakeAllThreads done
Event: 6.709 Executing VM operation: HandshakeAllThreads
Event: 6.709 Executing VM operation: HandshakeAllThreads done
Event: 7.018 Executing VM operation: HandshakeAllThreads
Event: 7.018 Executing VM operation: HandshakeAllThreads done
Event: 8.032 Executing VM operation: Cleanup
Event: 8.032 Executing VM operation: Cleanup done
Event: 29.276 Executing VM operation: Cleanup
Event: 29.276 Executing VM operation: Cleanup done
Event: 60.142 Executing VM operation: HandshakeAllThreads
Event: 60.143 Executing VM operation: HandshakeAllThreads done

Events (20 events):
Event: 95.916 loading class java/util/concurrent/BlockingDeque done
Event: 95.917 loading class java/util/concurrent/LinkedBlockingDeque done
Event: 95.917 loading class java/util/concurrent/Semaphore
Event: 95.919 loading class java/util/concurrent/Semaphore done
Event: 95.919 loading class java/util/concurrent/Semaphore$NonfairSync
Event: 95.919 loading class java/util/concurrent/Semaphore$Sync
Event: 95.919 loading class java/util/concurrent/Semaphore$Sync done
Event: 95.919 loading class java/util/concurrent/Semaphore$NonfairSync done
Event: 95.920 loading class sun/nio/ch/SocketAdaptor
Event: 95.921 loading class sun/nio/ch/SocketAdaptor done
Event: 95.923 loading class sun/nio/ch/SocketChannelImpl$DefaultOptionsHolder
Event: 95.923 loading class sun/nio/ch/SocketChannelImpl$DefaultOptionsHolder done
Event: 95.924 loading class sun/nio/ch/SelectionKeyImpl
Event: 95.925 loading class java/nio/channels/spi/AbstractSelectionKey
Event: 95.925 loading class java/nio/channels/SelectionKey
Event: 95.926 loading class java/nio/channels/SelectionKey done
Event: 95.926 loading class java/nio/channels/spi/AbstractSelectionKey done
Event: 95.926 loading class sun/nio/ch/SelectionKeyImpl done
Event: 95.926 loading class java/lang/invoke/ConstantBootstraps
Event: 95.927 loading class java/lang/invoke/ConstantBootstraps done


Dynamic libraries:
0x00007ff6228c0000 - 0x00007ff6228ce000 	C:\Users\PC\.jdks\graalvm-jdk-17.0.9\bin\java.exe
0x00007ffcca410000 - 0x00007ffcca608000 	C:\WINDOWS\SYSTEM32\ntdll.dll
0x00007ffcc8c50000 - 0x00007ffcc8d0d000 	C:\WINDOWS\System32\KERNEL32.DLL
0x00007ffcc7d10000 - 0x00007ffcc8006000 	C:\WINDOWS\System32\KERNELBASE.dll
0x00007ffcc8010000 - 0x00007ffcc8110000 	C:\WINDOWS\System32\ucrtbase.dll
0x00007ffcad860000 - 0x00007ffcad87b000 	C:\Users\PC\.jdks\graalvm-jdk-17.0.9\bin\VCRUNTIME140.dll
0x00007ffcafa90000 - 0x00007ffcafaa7000 	C:\Users\PC\.jdks\graalvm-jdk-17.0.9\bin\jli.dll
0x00007ffcc95a0000 - 0x00007ffcc973e000 	C:\WINDOWS\System32\USER32.dll
0x00007ffcadef0000 - 0x00007ffcae18a000 	C:\WINDOWS\WinSxS\amd64_microsoft.windows.common-controls_6595b64144ccf1df_6.0.19041.3636_none_60b6a03d71f818d5\COMCTL32.dll
0x00007ffcc8110000 - 0x00007ffcc8132000 	C:\WINDOWS\System32\win32u.dll
0x00007ffcc9b60000 - 0x00007ffcc9bfe000 	C:\WINDOWS\System32\msvcrt.dll
0x00007ffcc9120000 - 0x00007ffcc914b000 	C:\WINDOWS\System32\GDI32.dll
0x00007ffcc7b50000 - 0x00007ffcc7c67000 	C:\WINDOWS\System32\gdi32full.dll
0x00007ffcc83a0000 - 0x00007ffcc843d000 	C:\WINDOWS\System32\msvcp_win.dll
0x00007ffcc86c0000 - 0x00007ffcc86f2000 	C:\WINDOWS\System32\IMM32.DLL
0x00007ffcad790000 - 0x00007ffcad79c000 	C:\Users\PC\.jdks\graalvm-jdk-17.0.9\bin\vcruntime140_1.dll
0x00007ffc73730000 - 0x00007ffc737be000 	C:\Users\PC\.jdks\graalvm-jdk-17.0.9\bin\msvcp140.dll
0x00007ffc69010000 - 0x00007ffc69be8000 	C:\Users\PC\.jdks\graalvm-jdk-17.0.9\bin\server\jvm.dll
0x00007ffcc9150000 - 0x00007ffcc9200000 	C:\WINDOWS\System32\ADVAPI32.dll
0x00007ffcc8d90000 - 0x00007ffcc8e30000 	C:\WINDOWS\System32\sechost.dll
0x00007ffcc92d0000 - 0x00007ffcc93f5000 	C:\WINDOWS\System32\RPCRT4.dll
0x00007ffcc7c70000 - 0x00007ffcc7c97000 	C:\WINDOWS\System32\bcrypt.dll
0x00007ffcac0d0000 - 0x00007ffcac0f7000 	C:\WINDOWS\SYSTEM32\WINMM.dll
0x00007ffcada70000 - 0x00007ffcada79000 	C:\WINDOWS\SYSTEM32\WSOCK32.dll
0x00007ffcbe980000 - 0x00007ffcbe98a000 	C:\WINDOWS\SYSTEM32\VERSION.dll
0x00007ffcc9200000 - 0x00007ffcc926b000 	C:\WINDOWS\System32\WS2_32.dll
0x00007ffcc7920000 - 0x00007ffcc796b000 	C:\WINDOWS\SYSTEM32\POWRPROF.dll
0x00007ffcc7900000 - 0x00007ffcc7912000 	C:\WINDOWS\SYSTEM32\UMPDC.dll
0x00007ffcc62f0000 - 0x00007ffcc6302000 	C:\WINDOWS\SYSTEM32\kernel.appcore.dll
0x00007ffcad780000 - 0x00007ffcad78a000 	C:\Users\PC\.jdks\graalvm-jdk-17.0.9\bin\jimage.dll
0x00007ffcc2650000 - 0x00007ffcc2834000 	C:\WINDOWS\SYSTEM32\DBGHELP.DLL
0x00007ffcad170000 - 0x00007ffcad1a4000 	C:\WINDOWS\SYSTEM32\dbgcore.DLL
0x00007ffcc7ac0000 - 0x00007ffcc7b42000 	C:\WINDOWS\System32\bcryptPrimitives.dll
0x00007ffca4540000 - 0x00007ffca454e000 	C:\Users\PC\.jdks\graalvm-jdk-17.0.9\bin\instrument.dll
0x00007ffca5130000 - 0x00007ffca5155000 	C:\Users\PC\.jdks\graalvm-jdk-17.0.9\bin\java.dll
0x00007ffc735d0000 - 0x00007ffc736a7000 	C:\Users\PC\.jdks\graalvm-jdk-17.0.9\bin\jsvml.dll
0x00007ffcc9c00000 - 0x00007ffcca36b000 	C:\WINDOWS\System32\SHELL32.dll
0x00007ffcc5ae0000 - 0x00007ffcc627e000 	C:\WINDOWS\SYSTEM32\windows.storage.dll
0x00007ffcc97a0000 - 0x00007ffcc9af3000 	C:\WINDOWS\System32\combase.dll
0x00007ffcc7420000 - 0x00007ffcc744e000 	C:\WINDOWS\SYSTEM32\Wldp.dll
0x00007ffcc94c0000 - 0x00007ffcc958d000 	C:\WINDOWS\System32\OLEAUT32.dll
0x00007ffcc9410000 - 0x00007ffcc94bd000 	C:\WINDOWS\System32\SHCORE.dll
0x00007ffcc9270000 - 0x00007ffcc92c5000 	C:\WINDOWS\System32\shlwapi.dll
0x00007ffcc79f0000 - 0x00007ffcc7a15000 	C:\WINDOWS\SYSTEM32\profapi.dll
0x00007ffca44a0000 - 0x00007ffca44b8000 	C:\Users\PC\.jdks\graalvm-jdk-17.0.9\bin\zip.dll
0x00007ffca5110000 - 0x00007ffca5129000 	C:\Users\PC\.jdks\graalvm-jdk-17.0.9\bin\net.dll
0x00007ffcbc270000 - 0x00007ffcbc37a000 	C:\WINDOWS\SYSTEM32\WINHTTP.dll
0x00007ffcc7130000 - 0x00007ffcc719a000 	C:\WINDOWS\system32\mswsock.dll
0x00007ffca50f0000 - 0x00007ffca5106000 	C:\Users\PC\.jdks\graalvm-jdk-17.0.9\bin\nio.dll
0x00007ffc951d0000 - 0x00007ffc951ea000 	C:\Program Files\JetBrains\IntelliJ IDEA 2023.1.1\bin\breakgen64.dll
0x00007ffcc6e80000 - 0x00007ffcc6f4b000 	C:\WINDOWS\SYSTEM32\DNSAPI.dll
0x00007ffcc6e40000 - 0x00007ffcc6e7b000 	C:\WINDOWS\SYSTEM32\IPHLPAPI.DLL
0x00007ffcc8ec0000 - 0x00007ffcc8ec8000 	C:\WINDOWS\System32\NSI.dll
0x000000005b160000 - 0x000000005b186000 	C:\Program Files\Bonjour\mdnsNSP.dll
0x00007ffcb0130000 - 0x00007ffcb013a000 	C:\Windows\System32\rasadhlp.dll
0x00007ffcb7080000 - 0x00007ffcb7100000 	C:\WINDOWS\System32\fwpuclnt.dll
0x00007ffca6020000 - 0x00007ffca602a000 	C:\Users\PC\.jdks\graalvm-jdk-17.0.9\bin\management.dll
0x00007ffca5170000 - 0x00007ffca517b000 	C:\Users\PC\.jdks\graalvm-jdk-17.0.9\bin\management_ext.dll
0x00007ffcc9590000 - 0x00007ffcc9598000 	C:\WINDOWS\System32\PSAPI.DLL
0x00007ffcc7350000 - 0x00007ffcc7368000 	C:\WINDOWS\SYSTEM32\CRYPTSP.dll
0x00007ffcc6a70000 - 0x00007ffcc6aa4000 	C:\WINDOWS\system32\rsaenh.dll
0x00007ffcc7970000 - 0x00007ffcc799e000 	C:\WINDOWS\SYSTEM32\USERENV.dll
0x00007ffcc7370000 - 0x00007ffcc737c000 	C:\WINDOWS\SYSTEM32\CRYPTBASE.dll
0x00007ffcbd210000 - 0x00007ffcbd227000 	C:\WINDOWS\SYSTEM32\dhcpcsvc6.DLL
0x00007ffcbdef0000 - 0x00007ffcbdf0d000 	C:\WINDOWS\SYSTEM32\dhcpcsvc.DLL
0x00007ffcad2a0000 - 0x00007ffcad2b7000 	C:\WINDOWS\system32\napinsp.dll
0x00007ffcad220000 - 0x00007ffcad23b000 	C:\WINDOWS\system32\pnrpnsp.dll
0x00007ffcad200000 - 0x00007ffcad215000 	C:\WINDOWS\system32\wshbth.dll
0x00007ffcbff30000 - 0x00007ffcbff4d000 	C:\WINDOWS\system32\NLAapi.dll
0x00007ffcad150000 - 0x00007ffcad162000 	C:\WINDOWS\System32\winrnr.dll
0x00007ffca5160000 - 0x00007ffca516e000 	C:\Users\PC\.jdks\graalvm-jdk-17.0.9\bin\sunmscapi.dll
0x00007ffcc8190000 - 0x00007ffcc82ed000 	C:\WINDOWS\System32\CRYPT32.dll
0x00007ffcc7490000 - 0x00007ffcc74b8000 	C:\WINDOWS\SYSTEM32\ncrypt.dll
0x00007ffcc7450000 - 0x00007ffcc748b000 	C:\WINDOWS\SYSTEM32\NTASN1.dll
0x00007ffcad6a0000 - 0x00007ffcad6b0000 	C:\Users\PC\.jdks\graalvm-jdk-17.0.9\bin\verify.dll
0x00007ffc74400000 - 0x00007ffc74407000 	C:\WINDOWS\system32\wshunix.dll

dbghelp: loaded successfully - version: 4.0.5 - missing functions: none
symbol engine: initialized successfully - sym options: 0x614 - pdb path: .;C:\Users\PC\.jdks\graalvm-jdk-17.0.9\bin;C:\WINDOWS\SYSTEM32;C:\WINDOWS\WinSxS\amd64_microsoft.windows.common-controls_6595b64144ccf1df_6.0.19041.3636_none_60b6a03d71f818d5;C:\Users\PC\.jdks\graalvm-jdk-17.0.9\bin\server;C:\Program Files\JetBrains\IntelliJ IDEA 2023.1.1\bin;C:\Program Files\Bonjour

VM Arguments:
jvm_args: -XX:ThreadPriorityPolicy=1 -XX:+UnlockExperimentalVMOptions -XX:+EnableJVMCIProduct -XX:-UnlockExperimentalVMOptions -XX:TieredStopAtLevel=1 -Dspring.output.ansi.enabled=always -Dcom.sun.management.jmxremote -Dspring.jmx.enabled=true -Dspring.liveBeansView.mbeanDomain -Dspring.application.admin.enabled=true -Dmanagement.endpoints.jmx.exposure.include=* -javaagent:C:\Program Files\JetBrains\IntelliJ IDEA 2023.1.1\lib\idea_rt.jar=56306:C:\Program Files\JetBrains\IntelliJ IDEA 2023.1.1\bin -Dfile.encoding=UTF-8 
java_command: com.hedspi.nihongobe.NihongoBeApplication
java_class_path (initial): D:\Ky 9 - 20231\GR\nihongo-be\target\classes;C:\Users\PC\.m2\repository\org\springframework\boot\spring-boot-starter-data-jpa\3.2.4\spring-boot-starter-data-jpa-3.2.4.jar;C:\Users\PC\.m2\repository\org\springframework\boot\spring-boot-starter-aop\3.2.4\spring-boot-starter-aop-3.2.4.jar;C:\Users\PC\.m2\repository\org\aspectj\aspectjweaver\1.9.21\aspectjweaver-1.9.21.jar;C:\Users\PC\.m2\repository\org\springframework\boot\spring-boot-starter-jdbc\3.2.4\spring-boot-starter-jdbc-3.2.4.jar;C:\Users\PC\.m2\repository\com\zaxxer\HikariCP\5.0.1\HikariCP-5.0.1.jar;C:\Users\PC\.m2\repository\org\springframework\spring-jdbc\6.1.5\spring-jdbc-6.1.5.jar;C:\Users\PC\.m2\repository\org\hibernate\orm\hibernate-core\6.4.4.Final\hibernate-core-6.4.4.Final.jar;C:\Users\PC\.m2\repository\jakarta\persistence\jakarta.persistence-api\3.1.0\jakarta.persistence-api-3.1.0.jar;C:\Users\PC\.m2\repository\jakarta\transaction\jakarta.transaction-api\2.0.1\jakarta.transaction-api-2.0.1.jar;C:\Users\PC\.m2\repository\org\jboss\logging\jboss-logging\3.5.3.Final\jboss-logging-3.5.3.Final.jar;C:\Users\PC\.m2\repository\org\hibernate\common\hibernate-commons-annotations\6.0.6.Final\hibernate-commons-annotations-6.0.6.Final.jar;C:\Users\PC\.m2\repository\io\smallrye\jandex\3.1.2\jandex-3.1.2.jar;C:\Users\PC\.m2\repository\com\fasterxml\classmate\1.6.0\classmate-1.6.0.jar;C:\Users\PC\.m2\repository\net\bytebuddy\byte-buddy\1.14.12\byte-buddy-1.14.12.jar;C:\Users\PC\.m2\repository\org\glassfish\jaxb\jaxb-runtime\4.0.5\jaxb-runtime-4.0.5.jar;C:\Users\PC\.m2\repository\org\glassfish\jaxb\jaxb-core\4.0.5\jaxb-core-4.0.5.jar;C:\Users\PC\.m2\repository\org\eclipse\angus\angus-activation\2.0.2\angus-activation-2.0.2.jar;C:\Users\PC\.m2\repository\org\glassfish\jaxb\txw2\4.0.5\txw2-4.0.5.jar;C:\Users\PC\.m2\repository\com\sun\istack\istack-commons-runtime\4.1.2\istack-commons-runtime-4.1.2.jar;C:\Users\PC\.m2\repository\jakarta\inject\jakarta.inject-api\2.0.1\jakarta.inject-api-2.0.
Launcher Type: SUN_STANDARD

[Global flags]
     intx CICompilerCount                          = 4                                         {product} {ergonomic}
     uint ConcGCThreads                            = 2                                         {product} {ergonomic}
     bool EnableJVMCIProduct                       = true                                {JVMCI product} {jimage}
     uint G1ConcRefinementThreads                  = 8                                         {product} {ergonomic}
   size_t G1HeapRegionSize                         = 1048576                                   {product} {ergonomic}
    uintx GCDrainStackTargetSize                   = 64                                        {product} {ergonomic}
   size_t InitialHeapSize                          = 132120576                                 {product} {ergonomic}
     bool ManagementServer                         = true                                      {product} {command line}
   size_t MarkStackSize                            = 4194304                                   {product} {ergonomic}
   size_t MaxHeapSize                              = 2090860544                                {product} {ergonomic}
   size_t MaxNewSize                               = 1254096896                                {product} {ergonomic}
   size_t MinHeapDeltaBytes                        = 1048576                                   {product} {ergonomic}
   size_t MinHeapSize                              = 8388608                                   {product} {ergonomic}
    uintx NonProfiledCodeHeapSize                  = 0                                      {pd product} {ergonomic}
     bool ProfileInterpreter                       = false                                  {pd product} {command line}
    uintx ProfiledCodeHeapSize                     = 0                                      {pd product} {ergonomic}
   size_t SoftMaxHeapSize                          = 2090860544                             {manageable} {ergonomic}
     intx ThreadPriorityPolicy                     = 1                                         {product} {jimage}
     intx TieredStopAtLevel                        = 1                                         {product} {command line}
     bool UseCompressedClassPointers               = true                           {product lp64_product} {ergonomic}
     bool UseCompressedOops                        = true                           {product lp64_product} {ergonomic}
     bool UseG1GC                                  = true                                      {product} {ergonomic}
     bool UseLargePagesIndividualAllocation        = false                                  {pd product} {ergonomic}

Logging:
Log output configuration:
 #0: stdout all=warning uptime,level,tags
 #1: stderr all=off uptime,level,tags

Environment Variables:
JAVA_HOME=C:\Program Files\Java\jdk-17.0.5
CLASSPATH=C:\Program Files\Eclipse Adoptium\jdk-11.0.14.101-hotspot\jre\lib\ext
PATH=C:\Program Files\Common Files\Oracle\Java\javapath;C:\Program Files\Eclipse Adoptium\jdk-11.0.14.101-hotspot\bin;C:\WINDOWS\system32;C:\WINDOWS;C:\WINDOWS\System32\Wbem;C:\WINDOWS\System32\WindowsPowerShell\v1.0\;C:\WINDOWS\System32\OpenSSH\;C:\MinGW\MinGW\bin;C:\Program Files\Git\cmd;C:\Program Files\Azure Data Studio\bin;%AppData%\npm;C:\xampp\php;C:\composer;C:\Program Files\Java\jdk-17.0.5\bin;C:\Program Files\Java\jdk-11.0.13\bin;C:\Users\PC\AppData\Roaming\npm;C:\Program Files\sonar-scanner\bin;C:\gradle-7.1.1-bin\gradle-7.1.1\bin;C:\Program Files\nodejs\;C:\Program Files\Docker\Docker\resources\bin;C:\Users\PC\AppData\Local\Programs\Python\Python311\Scripts\;C:\Users\PC\AppData\Local\Programs\Python\Python311\;C:\Ruby31-x64\bin;C:\Users\PC\AppData\Local\Programs\Python\Python310\Scripts\;C:\Users\PC\AppData\Local\Programs\Python\Python310\;C:\Program Files\Java\jdk-11.0.13\bin;C:\Users\PC\AppData\Local\Programs\Microsoft VS Code\bin;C:\Program Files\JetBrains\IntelliJ IDEA 2023.1.1\bin;;C:\Users\PC\AppData\Roaming\npm
USERNAME=PC
OS=Windows_NT
PROCESSOR_IDENTIFIER=Intel64 Family 6 Model 126 Stepping 5, GenuineIntel
TMP=C:\Users\PC\AppData\Local\Temp
TEMP=C:\Users\PC\AppData\Local\Temp



Periodic native trim disabled


---------------  S Y S T E M  ---------------

OS:
 Windows 10 , 64 bit Build 19041 (10.0.19041.3636)
OS uptime: 0 days 1:03 hours
Hyper-V role detected

CPU: total 8 (initial active 8) (4 cores per cpu, 2 threads per core) family 6 model 126 stepping 5 microcode 0xa0, cx8, cmov, fxsr, ht, mmx, 3dnowpref, sse, sse2, sse3, ssse3, sse4.1, sse4.2, popcnt, lzcnt, tsc, tscinvbit, avx, avx2, aes, erms, clmul, bmi1, bmi2, adx, avx512f, avx512dq, avx512cd, avx512bw, avx512vl, sha, fma, vzeroupper, avx512_vpopcntdq, avx512_vpclmulqdq, avx512_vaes, avx512_vnni, clflush, clflushopt, avx512_vbmi2, avx512_vbmi, hv
Processor Information for all 8 processors :
  Max Mhz: 1190, Current Mhz: 991, Mhz Limit: 987

Memory: 4k page, system-wide physical 7969M (352M free)
TotalPageFile size 11753M (AvailPageFile size 6M)
current process WorkingSet (physical memory assigned to process): 229M, peak: 230M
current process commit charge ("private bytes"): 271M, peak: 272M

vm_info: OpenJDK 64-Bit Server VM (17.0.9+9-jvmci-23.0-b22) for windows-amd64 JRE (17.0.9+9-jvmci-23.0-b22), built on Oct 18 2023 02:18:43 by "" with MS VC++ 17.1 (VS2022)

END.
